2021-02-23 01:56:06,985 INFO scheduler Scheduled Job Start: frappe.integrations.doctype.s3_backup_settings.s3_backup_settings.take_backups_monthly for visit.test
2021-02-23 01:56:07,008 INFO scheduler Scheduled Job Start: frappe.social.doctype.energy_point_log.energy_point_log.send_monthly_summary for visit.test
2021-02-23 01:56:07,441 INFO scheduler Scheduled Job Complete: frappe.social.doctype.energy_point_log.energy_point_log.send_monthly_summary for visit.test
2021-02-23 01:56:07,593 INFO scheduler Scheduled Job Start: frappe.email.doctype.auto_email_report.auto_email_report.send_monthly for visit.test
2021-02-23 01:56:07,680 INFO scheduler Scheduled Job Complete: frappe.integrations.doctype.s3_backup_settings.s3_backup_settings.take_backups_monthly for visit.test
2021-02-23 01:56:07,822 INFO scheduler Scheduled Job Start: frappe.integrations.doctype.google_drive.google_drive.weekly_backup for visit.test
2021-02-23 01:56:08,561 INFO scheduler Scheduled Job Complete: frappe.email.doctype.auto_email_report.auto_email_report.send_monthly for visit.test
2021-02-23 01:56:08,606 INFO scheduler Scheduled Job Complete: frappe.integrations.doctype.google_drive.google_drive.weekly_backup for visit.test
2021-02-23 01:56:08,667 INFO scheduler Scheduled Job Start: frappe.core.doctype.log_settings.log_settings.run_log_clean_up for visit.test
2021-02-23 01:56:08,700 INFO scheduler Scheduled Job Start: frappe.social.doctype.energy_point_log.energy_point_log.send_weekly_summary for visit.test
2021-02-23 01:56:08,746 DEBUG scheduler Queued events for site visit.test
2021-02-23 01:56:08,922 INFO scheduler Scheduled Job Complete: frappe.social.doctype.energy_point_log.energy_point_log.send_weekly_summary for visit.test
2021-02-23 01:56:08,976 INFO scheduler Scheduled Job Start: frappe.desk.form.document_follow.send_weekly_updates for visit.test
2021-02-23 01:56:08,981 INFO scheduler Scheduled Job Complete: frappe.core.doctype.log_settings.log_settings.run_log_clean_up for visit.test
2021-02-23 01:56:09,034 INFO scheduler Scheduled Job Start: frappe.core.doctype.prepared_report.prepared_report.delete_expired_prepared_reports for visit.test
2021-02-23 01:56:09,173 INFO scheduler Scheduled Job Complete: frappe.desk.form.document_follow.send_weekly_updates for visit.test
2021-02-23 01:56:09,243 INFO scheduler Scheduled Job Start: frappe.desk.doctype.route_history.route_history.flush_old_route_records for visit.test
2021-02-23 01:56:09,304 INFO scheduler Scheduled Job Complete: frappe.core.doctype.prepared_report.prepared_report.delete_expired_prepared_reports for visit.test
2021-02-23 01:56:09,402 INFO scheduler Scheduled Job Start: frappe.email.doctype.unhandled_email.unhandled_email.remove_old_unhandled_emails for visit.test
2021-02-23 01:56:09,500 INFO scheduler Scheduled Job Complete: frappe.desk.doctype.route_history.route_history.flush_old_route_records for visit.test
2021-02-23 01:56:09,554 INFO scheduler Scheduled Job Start: frappe.integrations.doctype.s3_backup_settings.s3_backup_settings.take_backups_weekly for visit.test
2021-02-23 01:56:09,624 INFO scheduler Scheduled Job Complete: frappe.email.doctype.unhandled_email.unhandled_email.remove_old_unhandled_emails for visit.test
2021-02-23 01:56:09,757 INFO scheduler Scheduled Job Start: frappe.automation.doctype.auto_repeat.auto_repeat.set_auto_repeat_as_completed for visit.test
2021-02-23 01:56:09,981 INFO scheduler Scheduled Job Complete: frappe.integrations.doctype.s3_backup_settings.s3_backup_settings.take_backups_weekly for visit.test
2021-02-23 01:56:10,126 INFO scheduler Scheduled Job Start: frappe.integrations.doctype.dropbox_settings.dropbox_settings.take_backups_weekly for visit.test
2021-02-23 01:56:10,186 INFO scheduler Scheduled Job Complete: frappe.automation.doctype.auto_repeat.auto_repeat.set_auto_repeat_as_completed for visit.test
2021-02-23 01:56:10,278 INFO scheduler Scheduled Job Start: frappe.automation.doctype.auto_repeat.auto_repeat.make_auto_repeat_entry for visit.test
2021-02-23 01:56:10,722 INFO scheduler Scheduled Job Complete: frappe.automation.doctype.auto_repeat.auto_repeat.make_auto_repeat_entry for visit.test
2021-02-23 01:56:10,815 INFO scheduler Scheduled Job Start: frappe.integrations.doctype.google_contacts.google_contacts.sync for visit.test
2021-02-23 01:56:11,122 INFO scheduler Scheduled Job Complete: frappe.integrations.doctype.dropbox_settings.dropbox_settings.take_backups_weekly for visit.test
2021-02-23 01:56:11,180 INFO scheduler Scheduled Job Start: frappe.integrations.doctype.google_drive.google_drive.daily_backup for visit.test
2021-02-23 01:56:11,477 INFO scheduler Scheduled Job Complete: frappe.integrations.doctype.google_contacts.google_contacts.sync for visit.test
2021-02-23 01:56:11,545 INFO scheduler Scheduled Job Start: frappe.social.doctype.energy_point_settings.energy_point_settings.allocate_review_points for visit.test
2021-02-23 01:56:11,755 INFO scheduler Scheduled Job Complete: frappe.integrations.doctype.google_drive.google_drive.daily_backup for visit.test
2021-02-23 01:56:11,855 INFO scheduler Scheduled Job Start: frappe.integrations.doctype.s3_backup_settings.s3_backup_settings.take_backups_daily for visit.test
2021-02-23 01:56:11,869 INFO scheduler Scheduled Job Complete: frappe.social.doctype.energy_point_settings.energy_point_settings.allocate_review_points for visit.test
2021-02-23 01:56:11,959 INFO scheduler Scheduled Job Start: frappe.desk.form.document_follow.send_daily_updates for visit.test
2021-02-23 01:56:12,248 INFO scheduler Scheduled Job Complete: frappe.desk.form.document_follow.send_daily_updates for visit.test
2021-02-23 01:56:12,285 INFO scheduler Scheduled Job Complete: frappe.integrations.doctype.s3_backup_settings.s3_backup_settings.take_backups_daily for visit.test
2021-02-23 01:56:12,326 INFO scheduler Scheduled Job Start: frappe.website.doctype.personal_data_deletion_request.personal_data_deletion_request.remove_unverified_record for visit.test
2021-02-23 01:56:12,352 INFO scheduler Scheduled Job Start: frappe.utils.change_log.check_for_update for visit.test
2021-02-23 01:56:12,531 INFO scheduler Scheduled Job Complete: frappe.website.doctype.personal_data_deletion_request.personal_data_deletion_request.remove_unverified_record for visit.test
2021-02-23 01:56:12,644 INFO scheduler Scheduled Job Start: frappe.email.doctype.auto_email_report.auto_email_report.send_daily for visit.test
2021-02-23 01:56:12,975 INFO scheduler Scheduled Job Complete: frappe.email.doctype.auto_email_report.auto_email_report.send_daily for visit.test
2021-02-23 01:56:13,053 INFO scheduler Scheduled Job Start: frappe.utils.scheduler.restrict_scheduler_events_if_dormant for visit.test
2021-02-23 01:56:13,242 INFO scheduler Scheduled Job Failed: frappe.utils.scheduler.restrict_scheduler_events_if_dormant for visit.test
2021-02-23 01:56:13,310 INFO scheduler Scheduled Job Start: frappe.realtime.remove_old_task_logs for visit.test
2021-02-23 01:56:13,497 INFO scheduler Scheduled Job Complete: frappe.realtime.remove_old_task_logs for visit.test
2021-02-23 01:56:13,578 INFO scheduler Scheduled Job Start: frappe.email.doctype.notification.notification.trigger_daily_alerts for visit.test
2021-02-23 01:56:13,952 INFO scheduler Scheduled Job Complete: frappe.email.doctype.notification.notification.trigger_daily_alerts for visit.test
2021-02-23 01:56:14,021 INFO scheduler Scheduled Job Start: frappe.sessions.clear_expired_sessions for visit.test
2021-02-23 01:56:14,132 INFO scheduler Scheduled Job Complete: frappe.sessions.clear_expired_sessions for visit.test
2021-02-23 01:56:14,194 INFO scheduler Scheduled Job Start: frappe.desk.doctype.event.event.send_event_digest for visit.test
2021-02-23 01:56:14,323 INFO scheduler Scheduled Job Failed: frappe.utils.change_log.check_for_update for visit.test
2021-02-23 01:56:14,453 INFO scheduler Scheduled Job Start: frappe.integrations.doctype.dropbox_settings.dropbox_settings.take_backups_daily for visit.test
2021-02-23 01:56:14,472 INFO scheduler Scheduled Job Complete: frappe.desk.doctype.event.event.send_event_digest for visit.test
2021-02-23 01:56:14,590 INFO scheduler Scheduled Job Start: frappe.core.doctype.error_log.error_log.set_old_logs_as_seen for visit.test
2021-02-23 01:56:14,856 INFO scheduler Scheduled Job Complete: frappe.core.doctype.error_log.error_log.set_old_logs_as_seen for visit.test
2021-02-23 01:56:14,962 INFO scheduler Scheduled Job Start: frappe.desk.notifications.clear_notifications for visit.test
2021-02-23 01:56:15,273 INFO scheduler Scheduled Job Complete: frappe.desk.notifications.clear_notifications for visit.test
2021-02-23 01:56:15,342 INFO scheduler Scheduled Job Start: frappe.email.queue.set_expiry_for_email_queue for visit.test
2021-02-23 01:56:15,393 INFO scheduler Scheduled Job Complete: frappe.integrations.doctype.dropbox_settings.dropbox_settings.take_backups_daily for visit.test
2021-02-23 01:56:15,540 INFO scheduler Scheduled Job Complete: frappe.email.queue.set_expiry_for_email_queue for visit.test
2021-02-23 01:56:15,595 INFO scheduler Scheduled Job Start: frappe.utils.password.delete_password_reset_cache for visit.test
2021-02-23 01:56:15,777 INFO scheduler Scheduled Job Complete: frappe.utils.password.delete_password_reset_cache for visit.test
2021-02-23 01:56:15,845 INFO scheduler Scheduled Job Start: frappe.email.doctype.newsletter.newsletter.send_scheduled_email for visit.test
2021-02-23 01:56:16,027 INFO scheduler Scheduled Job Complete: frappe.email.doctype.newsletter.newsletter.send_scheduled_email for visit.test
2021-02-23 01:56:16,061 INFO scheduler Scheduled Job Start: frappe.integrations.doctype.google_calendar.google_calendar.sync for visit.test
2021-02-23 01:56:16,250 INFO scheduler Scheduled Job Complete: frappe.integrations.doctype.google_calendar.google_calendar.sync for visit.test
2021-02-23 01:56:16,328 INFO scheduler Scheduled Job Start: frappe.desk.form.document_follow.send_hourly_updates for visit.test
2021-02-23 01:56:16,466 INFO scheduler Scheduled Job Complete: frappe.desk.form.document_follow.send_hourly_updates for visit.test
2021-02-23 01:56:16,497 INFO scheduler Scheduled Job Start: frappe.deferred_insert.save_to_db for visit.test
2021-02-23 01:56:16,580 INFO scheduler Scheduled Job Complete: frappe.deferred_insert.save_to_db for visit.test
2021-02-23 01:56:16,615 INFO scheduler Scheduled Job Start: frappe.desk.page.backups.backups.delete_downloadable_backups for visit.test
2021-02-23 01:56:16,785 INFO scheduler Scheduled Job Complete: frappe.desk.page.backups.backups.delete_downloadable_backups for visit.test
2021-02-23 01:56:16,838 INFO scheduler Scheduled Job Start: frappe.utils.error.collect_error_snapshots for visit.test
2021-02-23 01:56:17,061 INFO scheduler Scheduled Job Complete: frappe.utils.error.collect_error_snapshots for visit.test
2021-02-23 01:56:17,118 INFO scheduler Scheduled Job Start: frappe.model.utils.user_settings.sync_user_settings for visit.test
2021-02-23 01:56:17,276 INFO scheduler Scheduled Job Complete: frappe.model.utils.user_settings.sync_user_settings for visit.test
2021-02-23 01:56:17,332 INFO scheduler Scheduled Job Start: frappe.model.utils.link_count.update_link_count for visit.test
2021-02-23 01:56:17,503 INFO scheduler Scheduled Job Complete: frappe.model.utils.link_count.update_link_count for visit.test
2021-02-23 01:56:17,556 INFO scheduler Scheduled Job Start: frappe.monitor.flush for visit.test
2021-02-23 01:56:17,617 INFO scheduler Scheduled Job Complete: frappe.monitor.flush for visit.test
2021-02-23 01:56:17,647 INFO scheduler Scheduled Job Start: frappe.utils.global_search.sync_global_search for visit.test
2021-02-23 01:56:17,710 INFO scheduler Scheduled Job Complete: frappe.utils.global_search.sync_global_search for visit.test
2021-02-23 01:56:17,736 INFO scheduler Scheduled Job Start: frappe.integrations.doctype.razorpay_settings.razorpay_settings.capture_payment for visit.test
2021-02-23 01:56:18,185 INFO scheduler Scheduled Job Complete: frappe.integrations.doctype.razorpay_settings.razorpay_settings.capture_payment for visit.test
2021-02-23 01:56:18,248 INFO scheduler Scheduled Job Start: frappe.email.doctype.email_account.email_account.notify_unreplied for visit.test
2021-02-23 01:56:18,433 INFO scheduler Scheduled Job Complete: frappe.email.doctype.email_account.email_account.notify_unreplied for visit.test
2021-02-23 01:56:18,478 INFO scheduler Scheduled Job Start: frappe.email.doctype.email_account.email_account.pull for visit.test
2021-02-23 01:56:18,616 INFO scheduler Scheduled Job Complete: frappe.email.doctype.email_account.email_account.pull for visit.test
2021-02-23 01:56:18,662 INFO scheduler Scheduled Job Start: frappe.email.queue.flush for visit.test
2021-02-23 01:56:18,810 INFO scheduler Scheduled Job Complete: frappe.email.queue.flush for visit.test
2021-02-23 01:56:18,855 INFO scheduler Scheduled Job Start: frappe.twofactor.delete_all_barcodes_for_users for visit.test
2021-02-23 01:56:19,022 INFO scheduler Scheduled Job Complete: frappe.twofactor.delete_all_barcodes_for_users for visit.test
2021-02-23 01:56:19,074 INFO scheduler Scheduled Job Start: frappe.website.doctype.web_page.web_page.check_publish_status for visit.test
2021-02-23 01:56:19,458 INFO scheduler Scheduled Job Complete: frappe.website.doctype.web_page.web_page.check_publish_status for visit.test
2021-02-23 01:56:19,552 INFO scheduler Scheduled Job Start: frappe.oauth.delete_oauth2_data for visit.test
2021-02-23 01:56:19,814 INFO scheduler Scheduled Job Complete: frappe.oauth.delete_oauth2_data for visit.test
2021-02-23 01:57:08,928 DEBUG scheduler Queued events for site visit.test
2021-02-23 01:58:09,166 INFO scheduler Scheduled Job Start: frappe.monitor.flush for visit.test
2021-02-23 01:58:09,183 DEBUG scheduler Queued events for site visit.test
2021-02-23 01:58:09,233 INFO scheduler Scheduled Job Complete: frappe.monitor.flush for visit.test
2021-02-23 01:58:09,263 INFO scheduler Scheduled Job Start: frappe.utils.global_search.sync_global_search for visit.test
2021-02-23 01:58:09,312 INFO scheduler Scheduled Job Complete: frappe.utils.global_search.sync_global_search for visit.test
2021-02-23 01:58:09,338 INFO scheduler Scheduled Job Start: frappe.integrations.doctype.razorpay_settings.razorpay_settings.capture_payment for visit.test
2021-02-23 01:58:09,449 INFO scheduler Scheduled Job Complete: frappe.integrations.doctype.razorpay_settings.razorpay_settings.capture_payment for visit.test
2021-02-23 01:58:09,476 INFO scheduler Scheduled Job Start: frappe.email.doctype.email_account.email_account.notify_unreplied for visit.test
2021-02-23 01:58:09,568 INFO scheduler Scheduled Job Complete: frappe.email.doctype.email_account.email_account.notify_unreplied for visit.test
2021-02-23 01:58:09,598 INFO scheduler Scheduled Job Start: frappe.email.doctype.email_account.email_account.pull for visit.test
2021-02-23 01:58:09,695 INFO scheduler Scheduled Job Complete: frappe.email.doctype.email_account.email_account.pull for visit.test
2021-02-23 01:58:09,722 INFO scheduler Scheduled Job Start: frappe.email.queue.flush for visit.test
2021-02-23 01:58:09,794 INFO scheduler Scheduled Job Complete: frappe.email.queue.flush for visit.test
2021-02-23 01:59:09,396 DEBUG scheduler Queued events for site visit.test
2021-02-23 02:00:09,694 DEBUG scheduler Queued events for site visit.test
2021-02-23 02:00:09,710 INFO scheduler Scheduled Job Start: frappe.twofactor.delete_all_barcodes_for_users for visit.test
2021-02-23 02:00:09,857 INFO scheduler Scheduled Job Complete: frappe.twofactor.delete_all_barcodes_for_users for visit.test
2021-02-23 02:00:09,901 INFO scheduler Scheduled Job Start: frappe.website.doctype.web_page.web_page.check_publish_status for visit.test
2021-02-23 02:00:10,033 INFO scheduler Scheduled Job Complete: frappe.website.doctype.web_page.web_page.check_publish_status for visit.test
2021-02-23 02:00:10,067 INFO scheduler Scheduled Job Start: frappe.oauth.delete_oauth2_data for visit.test
2021-02-23 02:00:10,198 INFO scheduler Scheduled Job Complete: frappe.oauth.delete_oauth2_data for visit.test
2021-02-23 02:01:09,870 DEBUG scheduler Queued events for site visit.test
2021-02-23 02:02:10,082 INFO scheduler Scheduled Job Start: frappe.monitor.flush for visit.test
2021-02-23 02:02:10,117 DEBUG scheduler Queued events for site visit.test
2021-02-23 02:02:10,167 INFO scheduler Scheduled Job Complete: frappe.monitor.flush for visit.test
2021-02-23 02:02:10,197 INFO scheduler Scheduled Job Start: frappe.utils.global_search.sync_global_search for visit.test
2021-02-23 02:02:10,244 INFO scheduler Scheduled Job Complete: frappe.utils.global_search.sync_global_search for visit.test
2021-02-23 02:02:10,278 INFO scheduler Scheduled Job Start: frappe.integrations.doctype.razorpay_settings.razorpay_settings.capture_payment for visit.test
2021-02-23 02:02:10,406 INFO scheduler Scheduled Job Complete: frappe.integrations.doctype.razorpay_settings.razorpay_settings.capture_payment for visit.test
2021-02-23 02:02:10,443 INFO scheduler Scheduled Job Start: frappe.email.doctype.email_account.email_account.notify_unreplied for visit.test
2021-02-23 02:02:10,589 INFO scheduler Scheduled Job Complete: frappe.email.doctype.email_account.email_account.notify_unreplied for visit.test
2021-02-23 02:02:10,643 INFO scheduler Scheduled Job Start: frappe.email.doctype.email_account.email_account.pull for visit.test
2021-02-23 02:02:10,856 INFO scheduler Scheduled Job Complete: frappe.email.doctype.email_account.email_account.pull for visit.test
2021-02-23 02:02:10,916 INFO scheduler Scheduled Job Start: frappe.email.queue.flush for visit.test
2021-02-23 02:02:11,053 INFO scheduler Scheduled Job Complete: frappe.email.queue.flush for visit.test
2021-02-23 02:03:10,317 DEBUG scheduler Queued events for site visit.test
2021-02-23 02:04:10,467 DEBUG scheduler Queued events for site visit.test
2021-02-23 02:05:10,648 DEBUG scheduler Queued events for site visit.test
2021-02-23 02:06:11,074 INFO scheduler Scheduled Job Start: frappe.monitor.flush for visit.test
2021-02-23 02:06:11,106 DEBUG scheduler Queued events for site visit.test
2021-02-23 02:06:11,223 INFO scheduler Scheduled Job Complete: frappe.monitor.flush for visit.test
2021-02-23 02:06:11,276 INFO scheduler Scheduled Job Start: frappe.utils.global_search.sync_global_search for visit.test
2021-02-23 02:06:11,352 INFO scheduler Scheduled Job Complete: frappe.utils.global_search.sync_global_search for visit.test
2021-02-23 02:06:11,426 INFO scheduler Scheduled Job Start: frappe.integrations.doctype.razorpay_settings.razorpay_settings.capture_payment for visit.test
2021-02-23 02:06:11,601 INFO scheduler Scheduled Job Complete: frappe.integrations.doctype.razorpay_settings.razorpay_settings.capture_payment for visit.test
2021-02-23 02:06:11,639 INFO scheduler Scheduled Job Start: frappe.email.doctype.email_account.email_account.notify_unreplied for visit.test
2021-02-23 02:06:11,756 INFO scheduler Scheduled Job Complete: frappe.email.doctype.email_account.email_account.notify_unreplied for visit.test
2021-02-23 02:06:11,796 INFO scheduler Scheduled Job Start: frappe.email.doctype.email_account.email_account.pull for visit.test
2021-02-23 02:06:12,001 INFO scheduler Scheduled Job Complete: frappe.email.doctype.email_account.email_account.pull for visit.test
2021-02-23 02:06:12,066 INFO scheduler Scheduled Job Start: frappe.email.queue.flush for visit.test
2021-02-23 02:06:12,198 INFO scheduler Scheduled Job Complete: frappe.email.queue.flush for visit.test
2021-02-23 02:07:11,328 DEBUG scheduler Queued events for site visit.test
2021-02-23 02:08:11,566 DEBUG scheduler Queued events for site visit.test
2021-02-23 02:09:11,757 DEBUG scheduler Queued events for site visit.test
2021-02-23 02:10:12,055 INFO scheduler Scheduled Job Start: frappe.monitor.flush for visit.test
2021-02-23 02:10:12,083 DEBUG scheduler Queued events for site visit.test
2021-02-23 02:10:12,159 INFO scheduler Scheduled Job Complete: frappe.monitor.flush for visit.test
2021-02-23 02:10:12,195 INFO scheduler Scheduled Job Start: frappe.utils.global_search.sync_global_search for visit.test
2021-02-23 02:10:12,296 INFO scheduler Scheduled Job Complete: frappe.utils.global_search.sync_global_search for visit.test
2021-02-23 02:10:12,417 INFO scheduler Scheduled Job Start: frappe.integrations.doctype.razorpay_settings.razorpay_settings.capture_payment for visit.test
2021-02-23 02:10:12,798 INFO scheduler Scheduled Job Complete: frappe.integrations.doctype.razorpay_settings.razorpay_settings.capture_payment for visit.test
2021-02-23 02:10:12,917 INFO scheduler Scheduled Job Start: frappe.email.doctype.email_account.email_account.notify_unreplied for visit.test
2021-02-23 02:10:13,333 INFO scheduler Scheduled Job Complete: frappe.email.doctype.email_account.email_account.notify_unreplied for visit.test
2021-02-23 02:10:13,418 INFO scheduler Scheduled Job Start: frappe.email.doctype.email_account.email_account.pull for visit.test
2021-02-23 02:10:13,878 INFO scheduler Scheduled Job Complete: frappe.email.doctype.email_account.email_account.pull for visit.test
2021-02-23 02:10:13,998 INFO scheduler Scheduled Job Start: frappe.email.queue.flush for visit.test
2021-02-23 02:10:14,357 INFO scheduler Scheduled Job Complete: frappe.email.queue.flush for visit.test
2021-02-23 02:11:12,415 DEBUG scheduler Queued events for site visit.test
2021-02-23 02:12:12,602 DEBUG scheduler Queued events for site visit.test
2021-02-23 02:13:12,839 DEBUG scheduler Queued events for site visit.test
2021-02-23 02:14:13,045 INFO scheduler Scheduled Job Start: frappe.monitor.flush for visit.test
2021-02-23 02:14:13,058 DEBUG scheduler Queued events for site visit.test
2021-02-23 02:14:13,094 INFO scheduler Scheduled Job Complete: frappe.monitor.flush for visit.test
2021-02-23 02:14:13,118 INFO scheduler Scheduled Job Start: frappe.utils.global_search.sync_global_search for visit.test
2021-02-23 02:14:13,155 INFO scheduler Scheduled Job Complete: frappe.utils.global_search.sync_global_search for visit.test
2021-02-23 02:14:13,181 INFO scheduler Scheduled Job Start: frappe.integrations.doctype.razorpay_settings.razorpay_settings.capture_payment for visit.test
2021-02-23 02:14:13,407 INFO scheduler Scheduled Job Complete: frappe.integrations.doctype.razorpay_settings.razorpay_settings.capture_payment for visit.test
2021-02-23 02:14:13,464 INFO scheduler Scheduled Job Start: frappe.email.doctype.email_account.email_account.notify_unreplied for visit.test
2021-02-23 02:14:13,612 INFO scheduler Scheduled Job Complete: frappe.email.doctype.email_account.email_account.notify_unreplied for visit.test
2021-02-23 02:14:13,686 INFO scheduler Scheduled Job Start: frappe.email.doctype.email_account.email_account.pull for visit.test
2021-02-23 02:14:13,973 INFO scheduler Scheduled Job Complete: frappe.email.doctype.email_account.email_account.pull for visit.test
2021-02-23 02:14:14,031 INFO scheduler Scheduled Job Start: frappe.email.queue.flush for visit.test
2021-02-23 02:14:14,199 INFO scheduler Scheduled Job Complete: frappe.email.queue.flush for visit.test
2021-02-23 02:15:13,251 DEBUG scheduler Queued events for site visit.test
2021-02-23 02:15:13,259 INFO scheduler Scheduled Job Start: frappe.twofactor.delete_all_barcodes_for_users for visit.test
2021-02-23 02:15:13,366 INFO scheduler Scheduled Job Complete: frappe.twofactor.delete_all_barcodes_for_users for visit.test
2021-02-23 02:15:13,401 INFO scheduler Scheduled Job Start: frappe.website.doctype.web_page.web_page.check_publish_status for visit.test
2021-02-23 02:15:13,593 INFO scheduler Scheduled Job Complete: frappe.website.doctype.web_page.web_page.check_publish_status for visit.test
2021-02-23 02:15:13,642 INFO scheduler Scheduled Job Start: frappe.oauth.delete_oauth2_data for visit.test
2021-02-23 02:15:13,872 INFO scheduler Scheduled Job Complete: frappe.oauth.delete_oauth2_data for visit.test
2021-02-23 02:16:13,421 DEBUG scheduler Queued events for site visit.test
2021-02-23 02:17:13,578 DEBUG scheduler Queued events for site visit.test
2021-02-23 02:18:13,798 INFO scheduler Scheduled Job Start: frappe.monitor.flush for visit.test
2021-02-23 02:18:13,812 DEBUG scheduler Queued events for site visit.test
2021-02-23 02:18:13,849 INFO scheduler Scheduled Job Complete: frappe.monitor.flush for visit.test
2021-02-23 02:18:13,876 INFO scheduler Scheduled Job Start: frappe.utils.global_search.sync_global_search for visit.test
2021-02-23 02:18:13,916 INFO scheduler Scheduled Job Complete: frappe.utils.global_search.sync_global_search for visit.test
2021-02-23 02:18:13,940 INFO scheduler Scheduled Job Start: frappe.integrations.doctype.razorpay_settings.razorpay_settings.capture_payment for visit.test
2021-02-23 02:18:14,181 INFO scheduler Scheduled Job Complete: frappe.integrations.doctype.razorpay_settings.razorpay_settings.capture_payment for visit.test
2021-02-23 02:18:14,237 INFO scheduler Scheduled Job Start: frappe.email.doctype.email_account.email_account.notify_unreplied for visit.test
2021-02-23 02:18:14,425 INFO scheduler Scheduled Job Complete: frappe.email.doctype.email_account.email_account.notify_unreplied for visit.test
2021-02-23 02:18:14,497 INFO scheduler Scheduled Job Start: frappe.email.doctype.email_account.email_account.pull for visit.test
2021-02-23 02:18:14,737 INFO scheduler Scheduled Job Complete: frappe.email.doctype.email_account.email_account.pull for visit.test
2021-02-23 02:18:14,796 INFO scheduler Scheduled Job Start: frappe.email.queue.flush for visit.test
2021-02-23 02:18:14,970 INFO scheduler Scheduled Job Complete: frappe.email.queue.flush for visit.test
2021-02-23 02:19:13,974 DEBUG scheduler Queued events for site visit.test
2021-02-23 02:20:14,112 DEBUG scheduler Queued events for site visit.test
2021-02-23 02:21:14,293 DEBUG scheduler Queued events for site visit.test
2021-02-23 02:22:14,488 INFO scheduler Scheduled Job Start: frappe.monitor.flush for visit.test
2021-02-23 02:22:14,501 DEBUG scheduler Queued events for site visit.test
2021-02-23 02:22:14,534 INFO scheduler Scheduled Job Complete: frappe.monitor.flush for visit.test
2021-02-23 02:22:14,564 INFO scheduler Scheduled Job Start: frappe.utils.global_search.sync_global_search for visit.test
2021-02-23 02:22:14,601 INFO scheduler Scheduled Job Complete: frappe.utils.global_search.sync_global_search for visit.test
2021-02-23 02:22:14,626 INFO scheduler Scheduled Job Start: frappe.integrations.doctype.razorpay_settings.razorpay_settings.capture_payment for visit.test
2021-02-23 02:22:14,853 INFO scheduler Scheduled Job Complete: frappe.integrations.doctype.razorpay_settings.razorpay_settings.capture_payment for visit.test
2021-02-23 02:22:14,902 INFO scheduler Scheduled Job Start: frappe.email.doctype.email_account.email_account.notify_unreplied for visit.test
2021-02-23 02:22:15,094 INFO scheduler Scheduled Job Complete: frappe.email.doctype.email_account.email_account.notify_unreplied for visit.test
2021-02-23 02:22:15,162 INFO scheduler Scheduled Job Start: frappe.email.doctype.email_account.email_account.pull for visit.test
2021-02-23 02:22:15,413 INFO scheduler Scheduled Job Complete: frappe.email.doctype.email_account.email_account.pull for visit.test
2021-02-23 02:22:15,479 INFO scheduler Scheduled Job Start: frappe.email.queue.flush for visit.test
2021-02-23 02:22:15,649 INFO scheduler Scheduled Job Complete: frappe.email.queue.flush for visit.test
2021-02-23 02:23:14,708 DEBUG scheduler Queued events for site visit.test
2021-02-23 02:24:14,803 ERROR scheduler Exception in Enqueue Events for Site visit.test
Traceback (most recent call last):
  File "/home/maryam/Documents/visitor/env/lib/python3.8/site-packages/pymysql/connections.py", line 581, in connect
    sock = socket.create_connection(
  File "/usr/lib/python3.8/socket.py", line 808, in create_connection
    raise err
  File "/usr/lib/python3.8/socket.py", line 796, in create_connection
    sock.connect(sa)
ConnectionRefusedError: [Errno 111] Connection refused

During handling of the above exception, another exception occurred:

Traceback (most recent call last):
  File "/home/maryam/Documents/visitor/apps/frappe/frappe/utils/scheduler.py", line 64, in enqueue_events_for_site
    if is_scheduler_inactive():
  File "/home/maryam/Documents/visitor/apps/frappe/frappe/utils/scheduler.py", line 97, in is_scheduler_inactive
    if is_scheduler_disabled():
  File "/home/maryam/Documents/visitor/apps/frappe/frappe/utils/scheduler.py", line 106, in is_scheduler_disabled
    return not frappe.utils.cint(frappe.db.get_single_value("System Settings", "enable_scheduler"))
  File "/home/maryam/Documents/visitor/apps/frappe/frappe/database/database.py", line 558, in get_single_value
    val = self.sql("""select `value` from
  File "/home/maryam/Documents/visitor/apps/frappe/frappe/database/database.py", line 122, in sql
    self.connect()
  File "/home/maryam/Documents/visitor/apps/frappe/frappe/database/database.py", line 75, in connect
    self._conn = self.get_connection()
  File "/home/maryam/Documents/visitor/apps/frappe/frappe/database/mariadb/database.py", line 89, in get_connection
    conn = pymysql.connect(self.host, self.user or '', self.password or '',
  File "/home/maryam/Documents/visitor/env/lib/python3.8/site-packages/pymysql/__init__.py", line 94, in Connect
    return Connection(*args, **kwargs)
  File "/home/maryam/Documents/visitor/env/lib/python3.8/site-packages/pymysql/connections.py", line 325, in __init__
    self.connect()
  File "/home/maryam/Documents/visitor/env/lib/python3.8/site-packages/pymysql/connections.py", line 630, in connect
    raise exc
pymysql.err.OperationalError: (2003, "Can't connect to MySQL server on '127.0.0.1' ([Errno 111] Connection refused)")

2021-02-23 02:29:34,242 DEBUG scheduler Queued events for site visit.test
2021-02-23 02:30:34,709 DEBUG scheduler Queued events for site visit.test
2021-02-23 02:31:34,896 DEBUG scheduler Queued events for site visit.test
2021-02-23 02:32:35,106 DEBUG scheduler Queued events for site visit.test
2021-02-23 02:33:35,280 DEBUG scheduler Queued events for site visit.test
2021-02-23 02:34:35,458 DEBUG scheduler Queued events for site visit.test
2021-02-23 02:35:35,631 DEBUG scheduler Queued events for site visit.test
2021-02-23 02:36:35,811 DEBUG scheduler Queued events for site visit.test
2021-02-23 02:37:35,981 DEBUG scheduler Queued events for site visit.test
2021-02-23 02:38:36,190 DEBUG scheduler Queued events for site visit.test
2021-02-23 02:39:36,492 DEBUG scheduler Queued events for site visit.test
2021-02-23 02:40:36,660 DEBUG scheduler Queued events for site visit.test
2021-02-23 02:41:36,833 DEBUG scheduler Queued events for site visit.test
2021-02-23 02:42:37,015 DEBUG scheduler Queued events for site visit.test
2021-02-23 02:43:37,192 DEBUG scheduler Queued events for site visit.test
2021-02-23 02:44:37,363 DEBUG scheduler Queued events for site visit.test
2021-02-23 02:45:37,544 DEBUG scheduler Queued events for site visit.test
2021-02-23 02:46:37,706 DEBUG scheduler Queued events for site visit.test
2021-02-23 02:47:37,995 DEBUG scheduler Queued events for site visit.test
2021-02-23 02:48:38,184 DEBUG scheduler Queued events for site visit.test
2021-02-23 02:49:38,369 DEBUG scheduler Queued events for site visit.test
2021-02-23 02:50:38,533 DEBUG scheduler Queued events for site visit.test
2021-02-23 02:51:38,766 DEBUG scheduler Queued events for site visit.test
2021-02-23 02:52:38,953 DEBUG scheduler Queued events for site visit.test
2021-02-23 02:53:39,125 DEBUG scheduler Queued events for site visit.test
2021-02-23 02:54:39,261 DEBUG scheduler Queued events for site visit.test
2021-02-23 02:55:39,429 DEBUG scheduler Queued events for site visit.test
2021-02-23 02:56:39,603 DEBUG scheduler Queued events for site visit.test
2021-02-23 02:57:39,764 DEBUG scheduler Queued events for site visit.test
2021-02-23 02:58:39,941 DEBUG scheduler Queued events for site visit.test
2021-02-23 02:59:40,159 DEBUG scheduler Queued events for site visit.test
2021-02-23 03:00:40,347 DEBUG scheduler Queued events for site visit.test
2021-02-23 03:01:40,534 DEBUG scheduler Queued events for site visit.test
2021-02-23 03:02:40,710 DEBUG scheduler Queued events for site visit.test
2021-02-23 03:03:40,869 DEBUG scheduler Queued events for site visit.test
2021-02-23 03:04:41,022 DEBUG scheduler Queued events for site visit.test
2021-02-23 03:05:41,178 DEBUG scheduler Queued events for site visit.test
2021-02-23 03:06:41,321 DEBUG scheduler Queued events for site visit.test
2021-02-23 03:07:41,500 DEBUG scheduler Queued events for site visit.test
2021-02-23 03:08:41,687 DEBUG scheduler Queued events for site visit.test
2021-02-23 03:09:41,851 DEBUG scheduler Queued events for site visit.test
2021-02-23 03:10:42,001 DEBUG scheduler Queued events for site visit.test
2021-02-23 03:11:42,151 DEBUG scheduler Queued events for site visit.test
2021-02-23 03:12:42,306 DEBUG scheduler Queued events for site visit.test
2021-02-23 03:13:42,473 DEBUG scheduler Queued events for site visit.test
2021-02-23 03:14:42,692 DEBUG scheduler Queued events for site visit.test
2021-02-23 03:15:42,876 DEBUG scheduler Queued events for site visit.test
2021-02-23 03:16:43,046 DEBUG scheduler Queued events for site visit.test
2021-02-23 03:17:43,219 DEBUG scheduler Queued events for site visit.test
2021-02-23 03:18:43,376 DEBUG scheduler Queued events for site visit.test
2021-02-23 03:19:43,558 DEBUG scheduler Queued events for site visit.test
2021-02-23 03:20:43,733 DEBUG scheduler Queued events for site visit.test
2021-02-23 03:21:43,875 DEBUG scheduler Queued events for site visit.test
2021-02-23 03:22:44,049 DEBUG scheduler Queued events for site visit.test
2021-02-23 03:23:44,252 DEBUG scheduler Queued events for site visit.test
2021-02-23 03:24:44,416 DEBUG scheduler Queued events for site visit.test
2021-02-23 03:25:44,636 DEBUG scheduler Queued events for site visit.test
2021-02-23 03:26:44,769 DEBUG scheduler Queued events for site visit.test
2021-02-23 03:27:44,945 DEBUG scheduler Queued events for site visit.test
2021-02-23 03:28:45,124 DEBUG scheduler Queued events for site visit.test
2021-02-23 03:29:45,303 DEBUG scheduler Queued events for site visit.test
2021-02-23 03:30:45,497 DEBUG scheduler Queued events for site visit.test
2021-02-23 03:31:45,751 DEBUG scheduler Queued events for site visit.test
2021-02-23 03:32:45,946 DEBUG scheduler Queued events for site visit.test
2021-02-23 03:33:46,200 DEBUG scheduler Queued events for site visit.test
2021-02-23 03:34:46,358 DEBUG scheduler Queued events for site visit.test
2021-02-23 03:35:46,538 DEBUG scheduler Queued events for site visit.test
2021-02-23 03:36:46,679 DEBUG scheduler Queued events for site visit.test
2021-02-23 03:37:46,836 DEBUG scheduler Queued events for site visit.test
2021-02-23 03:38:46,988 DEBUG scheduler Queued events for site visit.test
2021-02-23 03:39:47,167 DEBUG scheduler Queued events for site visit.test
2021-02-23 03:40:47,329 DEBUG scheduler Queued events for site visit.test
2021-02-23 03:41:47,504 DEBUG scheduler Queued events for site visit.test
2021-02-23 03:42:47,670 DEBUG scheduler Queued events for site visit.test
2021-02-23 03:43:47,831 DEBUG scheduler Queued events for site visit.test
2021-02-23 03:44:47,983 DEBUG scheduler Queued events for site visit.test
2021-02-23 03:45:48,179 DEBUG scheduler Queued events for site visit.test
2021-02-23 03:46:48,330 DEBUG scheduler Queued events for site visit.test
2021-02-23 03:47:48,514 DEBUG scheduler Queued events for site visit.test
2021-02-23 03:48:48,706 DEBUG scheduler Queued events for site visit.test
2021-02-23 03:49:48,867 DEBUG scheduler Queued events for site visit.test
2021-02-23 03:50:49,072 DEBUG scheduler Queued events for site visit.test
2021-02-23 03:51:49,233 DEBUG scheduler Queued events for site visit.test
2021-02-23 03:52:49,426 DEBUG scheduler Queued events for site visit.test
2021-02-23 03:54:43,801 DEBUG scheduler Queued events for site visit.test
2021-02-23 03:55:44,002 DEBUG scheduler Queued events for site visit.test
2021-02-23 03:56:44,185 DEBUG scheduler Queued events for site visit.test
2021-02-23 03:57:44,338 DEBUG scheduler Queued events for site visit.test
2021-02-23 03:58:44,507 DEBUG scheduler Queued events for site visit.test
2021-02-23 03:59:44,680 DEBUG scheduler Queued events for site visit.test
2021-02-23 04:00:44,827 DEBUG scheduler Queued events for site visit.test
2021-02-23 04:01:44,990 DEBUG scheduler Queued events for site visit.test
2021-02-23 04:02:45,134 DEBUG scheduler Queued events for site visit.test
2021-02-23 04:03:45,310 DEBUG scheduler Queued events for site visit.test
2021-02-23 04:04:45,440 DEBUG scheduler Queued events for site visit.test
2021-02-23 04:05:45,608 DEBUG scheduler Queued events for site visit.test
2021-02-23 04:06:45,793 DEBUG scheduler Queued events for site visit.test
