21:33:23 Worker rq:worker:424a0354b3d947608a550052097672c1.maryam-VirtualBox.4637.short: started, version 1.7.0
21:33:23 Subscribing to channel rq:pubsub:424a0354b3d947608a550052097672c1.maryam-VirtualBox.4637.short
21:33:23 *** Listening on short...
21:33:23 Cleaning registries for queue: short
21:33:23 Worker rq:worker:383a3f24ba8b441fbefdedc4c6633dd9.maryam-VirtualBox.4632.long: started, version 1.7.0
21:33:23 Subscribing to channel rq:pubsub:383a3f24ba8b441fbefdedc4c6633dd9.maryam-VirtualBox.4632.long
21:33:23 *** Listening on long...
21:33:23 Cleaning registries for queue: long
21:33:23 Worker rq:worker:d1bc273b86004003b657c249aa869a6d.maryam-VirtualBox.4633.default: started, version 1.7.0
21:33:23 Subscribing to channel rq:pubsub:d1bc273b86004003b657c249aa869a6d.maryam-VirtualBox.4633.default
21:33:23 *** Listening on default...
21:33:23 Cleaning registries for queue: default
22:00:23 Cleaning registries for queue: short
22:00:23 Cleaning registries for queue: long
22:00:24 Cleaning registries for queue: default
22:27:23 Cleaning registries for queue: short
22:27:24 Cleaning registries for queue: default
22:27:24 Cleaning registries for queue: long
22:54:24 Cleaning registries for queue: short
22:54:24 Cleaning registries for queue: long
22:54:24 Cleaning registries for queue: default
23:21:24 Cleaning registries for queue: short
23:21:24 Cleaning registries for queue: long
23:21:24 Cleaning registries for queue: default
23:48:24 Cleaning registries for queue: short
23:48:24 Cleaning registries for queue: long
23:48:25 Cleaning registries for queue: default
00:15:25 Cleaning registries for queue: short
00:15:25 Cleaning registries for queue: long
00:15:25 Cleaning registries for queue: default
00:42:25 Cleaning registries for queue: short
00:42:25 Cleaning registries for queue: long
00:42:25 Cleaning registries for queue: default
01:09:25 Cleaning registries for queue: short
01:09:26 Cleaning registries for queue: long
01:09:26 Cleaning registries for queue: default
01:22:14 Worker rq:worker:7ee3d4dc6d7143f5aac373f8facf7a5f.maryam-VirtualBox.10246.short: started, version 1.7.0
01:22:14 Subscribing to channel rq:pubsub:7ee3d4dc6d7143f5aac373f8facf7a5f.maryam-VirtualBox.10246.short
01:22:14 *** Listening on short...
01:22:14 Cleaning registries for queue: short
01:22:14 Worker rq:worker:795f614d4ea34d1f9f0d3b7eb0b30476.maryam-VirtualBox.10251.long: started, version 1.7.0
01:22:14 Subscribing to channel rq:pubsub:795f614d4ea34d1f9f0d3b7eb0b30476.maryam-VirtualBox.10251.long
01:22:14 *** Listening on long...
01:22:14 Cleaning registries for queue: long
01:22:14 Worker rq:worker:1a07c9da661f4888ad9d97957fb6f14a.maryam-VirtualBox.10250.default: started, version 1.7.0
01:22:14 Subscribing to channel rq:pubsub:1a07c9da661f4888ad9d97957fb6f14a.maryam-VirtualBox.10250.default
01:22:14 *** Listening on default...
01:22:14 Cleaning registries for queue: default
01:23:33 Warm shut down requested
01:23:33 Unsubscribing from channel rq:pubsub:7ee3d4dc6d7143f5aac373f8facf7a5f.maryam-VirtualBox.10246.short
01:23:33 Warm shut down requested
01:23:33 Unsubscribing from channel rq:pubsub:795f614d4ea34d1f9f0d3b7eb0b30476.maryam-VirtualBox.10251.long
01:23:33 Warm shut down requested
01:23:45 Worker rq:worker:34df4bbfcd1c452682827d7fcef3745c.maryam-VirtualBox.10531.default: started, version 1.7.0
01:23:45 Subscribing to channel rq:pubsub:34df4bbfcd1c452682827d7fcef3745c.maryam-VirtualBox.10531.default
01:23:45 Worker rq:worker:521307928974479f9be6a57f77a10b45.maryam-VirtualBox.10529.short: started, version 1.7.0
01:23:45 Subscribing to channel rq:pubsub:521307928974479f9be6a57f77a10b45.maryam-VirtualBox.10529.short
01:23:45 Worker rq:worker:7a380b593890484493ae0ca9bae097aa.maryam-VirtualBox.10530.long: started, version 1.7.0
01:23:45 Subscribing to channel rq:pubsub:7a380b593890484493ae0ca9bae097aa.maryam-VirtualBox.10530.long
01:23:45 *** Listening on default...
01:23:45 *** Listening on short...
01:23:45 Cleaning registries for queue: default
01:23:45 *** Listening on long...
01:23:45 Cleaning registries for queue: short
01:23:45 Cleaning registries for queue: long
01:24:18 Warm shut down requested
01:24:18 Warm shut down requested
01:24:18 Warm shut down requested
01:24:18 Unsubscribing from channel rq:pubsub:34df4bbfcd1c452682827d7fcef3745c.maryam-VirtualBox.10531.default
01:24:18 Unsubscribing from channel rq:pubsub:521307928974479f9be6a57f77a10b45.maryam-VirtualBox.10529.short
01:24:18 Unsubscribing from channel rq:pubsub:7a380b593890484493ae0ca9bae097aa.maryam-VirtualBox.10530.long
01:24:27 Worker rq:worker:4dcbf0a1226b4848a803e8d66de80cb2.maryam-VirtualBox.10728.short: started, version 1.7.0
01:24:27 Subscribing to channel rq:pubsub:4dcbf0a1226b4848a803e8d66de80cb2.maryam-VirtualBox.10728.short
01:24:27 *** Listening on short...
01:24:27 Cleaning registries for queue: short
01:24:27 Worker rq:worker:ef2213a7810e4426bf5257bedcf8921e.maryam-VirtualBox.10743.long: started, version 1.7.0
01:24:27 Subscribing to channel rq:pubsub:ef2213a7810e4426bf5257bedcf8921e.maryam-VirtualBox.10743.long
01:24:27 *** Listening on long...
01:24:27 Cleaning registries for queue: long
01:24:27 Worker rq:worker:8204cda1a981439fbc0b257d6de79398.maryam-VirtualBox.10739.default: started, version 1.7.0
01:24:27 Subscribing to channel rq:pubsub:8204cda1a981439fbc0b257d6de79398.maryam-VirtualBox.10739.default
01:24:27 *** Listening on default...
01:24:27 Cleaning registries for queue: default
01:35:28 Warm shut down requested
01:35:28 Unsubscribing from channel rq:pubsub:4dcbf0a1226b4848a803e8d66de80cb2.maryam-VirtualBox.10728.short
01:35:28 Warm shut down requested
01:35:28 Unsubscribing from channel rq:pubsub:ef2213a7810e4426bf5257bedcf8921e.maryam-VirtualBox.10743.long
01:35:28 Warm shut down requested
01:35:28 Unsubscribing from channel rq:pubsub:8204cda1a981439fbc0b257d6de79398.maryam-VirtualBox.10739.default
01:37:54 Worker rq:worker:6b8e1eb95c3048b285deadacc3ff1b30.maryam-VirtualBox.11196.long: started, version 1.7.0
01:37:54 Subscribing to channel rq:pubsub:6b8e1eb95c3048b285deadacc3ff1b30.maryam-VirtualBox.11196.long
01:37:54 Worker rq:worker:cd8224ed08e94121bcccce9c003275a8.maryam-VirtualBox.11193.short: started, version 1.7.0
01:37:54 Subscribing to channel rq:pubsub:cd8224ed08e94121bcccce9c003275a8.maryam-VirtualBox.11193.short
01:37:54 *** Listening on long...
01:37:54 Cleaning registries for queue: long
01:37:54 *** Listening on short...
01:37:54 Cleaning registries for queue: short
01:37:54 Worker rq:worker:a7c88ee242f34863bcd9e5fc2c0ab7ee.maryam-VirtualBox.11195.default: started, version 1.7.0
01:37:54 Subscribing to channel rq:pubsub:a7c88ee242f34863bcd9e5fc2c0ab7ee.maryam-VirtualBox.11195.default
01:37:54 *** Listening on default...
01:37:54 Cleaning registries for queue: default
01:41:31 Warm shut down requested
01:41:31 Unsubscribing from channel rq:pubsub:cd8224ed08e94121bcccce9c003275a8.maryam-VirtualBox.11193.short
01:41:31 Warm shut down requested
01:41:31 Unsubscribing from channel rq:pubsub:6b8e1eb95c3048b285deadacc3ff1b30.maryam-VirtualBox.11196.long
01:41:31 Warm shut down requested
01:43:14 Worker rq:worker:3489dfddf03048b9af724d1730757841.maryam-VirtualBox.11772.long: started, version 1.7.0
01:43:14 Subscribing to channel rq:pubsub:3489dfddf03048b9af724d1730757841.maryam-VirtualBox.11772.long
01:43:14 Worker rq:worker:06272b94d4834c7098661717a50b46f3.maryam-VirtualBox.11773.default: started, version 1.7.0
01:43:14 Subscribing to channel rq:pubsub:06272b94d4834c7098661717a50b46f3.maryam-VirtualBox.11773.default
01:43:14 *** Listening on long...
01:43:14 *** Listening on default...
01:43:14 Cleaning registries for queue: default
01:43:14 Cleaning registries for queue: long
01:43:14 Worker rq:worker:908b0098523642ee9b16b76a5c3a4e40.maryam-VirtualBox.11770.short: started, version 1.7.0
01:43:14 Subscribing to channel rq:pubsub:908b0098523642ee9b16b76a5c3a4e40.maryam-VirtualBox.11770.short
01:43:14 *** Listening on short...
01:43:14 Cleaning registries for queue: short
01:48:05 Worker rq:worker:f43af3b630934bdda27fe2eae5648a71.maryam-VirtualBox.2436.default: started, version 1.7.0
01:48:05 Subscribing to channel rq:pubsub:f43af3b630934bdda27fe2eae5648a71.maryam-VirtualBox.2436.default
01:48:05 Worker rq:worker:bc95c880206947ec8229ad28d652fd7f.maryam-VirtualBox.2434.long: started, version 1.7.0
01:48:05 Subscribing to channel rq:pubsub:bc95c880206947ec8229ad28d652fd7f.maryam-VirtualBox.2434.long
01:48:05 *** Listening on default...
01:48:05 *** Listening on long...
01:48:05 Cleaning registries for queue: default
01:48:05 Cleaning registries for queue: long
01:48:05 Worker rq:worker:af245b2242314cc59d4194facdc48a0e.maryam-VirtualBox.2422.short: started, version 1.7.0
01:48:05 Subscribing to channel rq:pubsub:af245b2242314cc59d4194facdc48a0e.maryam-VirtualBox.2422.short
01:48:05 *** Listening on short...
01:48:05 Cleaning registries for queue: short
01:55:48 default: frappe.utils.background_jobs.execute_job(event=None, is_async=True, job_name='frappe.core.doctype.user.user.create_contact', kwargs={'user': <frappe.core.doctype.user.user.User object at 0x7fe5543b9820>, 'ig..., method='frappe.core.doctype.user.user.create_contact', site='visit.test', user='Administrator') (49dacdb7-77d9-4b5a-b8d6-f4e7baa8ffba)
Traceback (most recent call last):
  File "/home/maryam/Documents/visitor/apps/frappe/frappe/utils/background_jobs.py", line 100, in execute_job
    method(**kwargs)
  File "/home/maryam/Documents/visitor/apps/frappe/frappe/core/doctype/user/user.py", line 1097, in create_contact
    contact.insert(ignore_permissions=True, ignore_links=ignore_links, ignore_mandatory=ignore_mandatory)
  File "/home/maryam/Documents/visitor/apps/frappe/frappe/model/document.py", line 232, in insert
    self._validate_links()
  File "/home/maryam/Documents/visitor/apps/frappe/frappe/model/document.py", line 816, in _validate_links
    frappe.throw(_("Could not find {0}").format(msg),
  File "/home/maryam/Documents/visitor/apps/frappe/frappe/__init__.py", line 416, in throw
    msgprint(msg, raise_exception=exc, title=title, indicator='red', is_minimizable=is_minimizable, wide=wide, as_list=as_list)
  File "/home/maryam/Documents/visitor/apps/frappe/frappe/__init__.py", line 395, in msgprint
    _raise_exception()
  File "/home/maryam/Documents/visitor/apps/frappe/frappe/__init__.py", line 349, in _raise_exception
    raise raise_exception(msg)
frappe.exceptions.LinkValidationError: Could not find User Id: m@g.com

01:55:49 default: frappe.utils.background_jobs.execute_job(event=None, is_async=True, job_name='frappe.core.doctype.user.user.update_gravatar', kwargs={'name': 'm@g.com'}, method='frappe.core.doctype.user.user.update_gravatar', site='visit.test', user='Administrator') (178e9ce9-386c-49d9-b8d0-bb342838902f)
01:55:51 default: Job OK (178e9ce9-386c-49d9-b8d0-bb342838902f)
01:55:51 Result is kept for 500 seconds
01:55:51 default: frappe.utils.background_jobs.execute_job(event=None, is_async=True, job_name='frappe.core.doctype.user.user.create_contact', kwargs={'user': <frappe.core.doctype.user.user.User object at 0x7fe56476c910>, 'ig..., method='frappe.core.doctype.user.user.create_contact', site='visit.test', user='Administrator') (01ea1832-0b2e-448e-839b-2b6619e8c590)
01:55:52 default: Job OK (01ea1832-0b2e-448e-839b-2b6619e8c590)
01:55:52 Result is kept for 500 seconds
01:55:52 default: frappe.utils.background_jobs.execute_job(event=None, is_async=True, job_name='frappe.core.doctype.user.user.update_gravatar', kwargs={'name': 'm@g.com'}, method='frappe.core.doctype.user.user.update_gravatar', site='visit.test', user='Administrator') (a40f2284-8f6c-49e2-bece-5493acfd0542)
01:55:54 default: Job OK (a40f2284-8f6c-49e2-bece-5493acfd0542)
01:55:54 Result is kept for 500 seconds
01:56:06 long: frappe.utils.background_jobs.execute_job(event=None, is_async=True, job_name='frappe.core.doctype.scheduled_job_type.scheduled_job_type.run_scheduled_jo..., kwargs={'job_type': 'frappe.integrations.doctype.s3_backup_settings.s3_backup_sett..., method='frappe.core.doctype.scheduled_job_type.scheduled_job_type.run_scheduled_jo..., site='visit.test', user='Administrator') (16076dbf-7691-405a-9da5-ab5332d37089)
01:56:06 default: frappe.utils.background_jobs.execute_job(event=None, is_async=True, job_name='frappe.core.doctype.scheduled_job_type.scheduled_job_type.run_scheduled_jo..., kwargs={'job_type': 'frappe.social.doctype.energy_point_log.energy_point_log.send_..., method='frappe.core.doctype.scheduled_job_type.scheduled_job_type.run_scheduled_jo..., site='visit.test', user='Administrator') (946e6d20-6410-4276-af8d-12d140d397d5)
01:56:07 default: Job OK (946e6d20-6410-4276-af8d-12d140d397d5)
01:56:07 Result is kept for 500 seconds
01:56:07 default: frappe.utils.background_jobs.execute_job(event=None, is_async=True, job_name='frappe.core.doctype.scheduled_job_type.scheduled_job_type.run_scheduled_jo..., kwargs={'job_type': 'frappe.email.doctype.auto_email_report.auto_email_report.send..., method='frappe.core.doctype.scheduled_job_type.scheduled_job_type.run_scheduled_jo..., site='visit.test', user='Administrator') (624db4ba-e9db-4d06-a2da-80fc68f57e9d)
01:56:07 long: Job OK (16076dbf-7691-405a-9da5-ab5332d37089)
01:56:07 Result is kept for 500 seconds
01:56:07 long: frappe.utils.background_jobs.execute_job(event=None, is_async=True, job_name='frappe.core.doctype.scheduled_job_type.scheduled_job_type.run_scheduled_jo..., kwargs={'job_type': 'frappe.integrations.doctype.google_drive.google_drive.weekly_..., method='frappe.core.doctype.scheduled_job_type.scheduled_job_type.run_scheduled_jo..., site='visit.test', user='Administrator') (7bcf3239-184e-4f05-adf6-b5a34ec44aec)
01:56:08 default: Job OK (624db4ba-e9db-4d06-a2da-80fc68f57e9d)
01:56:08 Result is kept for 500 seconds
01:56:08 default: frappe.utils.background_jobs.execute_job(event=None, is_async=True, job_name='frappe.core.doctype.scheduled_job_type.scheduled_job_type.run_scheduled_jo..., kwargs={'job_type': 'frappe.core.doctype.log_settings.log_settings.run_log_clean_u..., method='frappe.core.doctype.scheduled_job_type.scheduled_job_type.run_scheduled_jo..., site='visit.test', user='Administrator') (1ed82545-08e2-4712-9539-15151154fe94)
01:56:08 long: Job OK (7bcf3239-184e-4f05-adf6-b5a34ec44aec)
01:56:08 Result is kept for 500 seconds
01:56:08 long: frappe.utils.background_jobs.execute_job(event=None, is_async=True, job_name='frappe.core.doctype.scheduled_job_type.scheduled_job_type.run_scheduled_jo..., kwargs={'job_type': 'frappe.social.doctype.energy_point_log.energy_point_log.send_..., method='frappe.core.doctype.scheduled_job_type.scheduled_job_type.run_scheduled_jo..., site='visit.test', user='Administrator') (25eeb09e-2ffe-4d26-b11f-8db3e8e9b0e5)
01:56:08 long: Job OK (25eeb09e-2ffe-4d26-b11f-8db3e8e9b0e5)
01:56:08 Result is kept for 500 seconds
01:56:08 long: frappe.utils.background_jobs.execute_job(event=None, is_async=True, job_name='frappe.core.doctype.scheduled_job_type.scheduled_job_type.run_scheduled_jo..., kwargs={'job_type': 'frappe.desk.form.document_follow.send_weekly_updates'}, method='frappe.core.doctype.scheduled_job_type.scheduled_job_type.run_scheduled_jo..., site='visit.test', user='Administrator') (1a9104ac-354a-4f30-8b4e-3bbda9247419)
01:56:08 default: Job OK (1ed82545-08e2-4712-9539-15151154fe94)
01:56:08 Result is kept for 500 seconds
01:56:08 default: frappe.utils.background_jobs.execute_job(event=None, is_async=True, job_name='frappe.core.doctype.scheduled_job_type.scheduled_job_type.run_scheduled_jo..., kwargs={'job_type': 'frappe.core.doctype.prepared_report.prepared_report.delete_ex..., method='frappe.core.doctype.scheduled_job_type.scheduled_job_type.run_scheduled_jo..., site='visit.test', user='Administrator') (3c257040-cca5-4250-aa47-bf04dad4ca2d)
01:56:09 long: Job OK (1a9104ac-354a-4f30-8b4e-3bbda9247419)
01:56:09 Result is kept for 500 seconds
01:56:09 long: frappe.utils.background_jobs.execute_job(event=None, is_async=True, job_name='frappe.core.doctype.scheduled_job_type.scheduled_job_type.run_scheduled_jo..., kwargs={'job_type': 'frappe.desk.doctype.route_history.route_history.flush_old_rou..., method='frappe.core.doctype.scheduled_job_type.scheduled_job_type.run_scheduled_jo..., site='visit.test', user='Administrator') (5ddf5978-5d39-4026-b13d-e249242110c9)
01:56:09 default: Job OK (3c257040-cca5-4250-aa47-bf04dad4ca2d)
01:56:09 Result is kept for 500 seconds
01:56:09 default: frappe.utils.background_jobs.execute_job(event=None, is_async=True, job_name='frappe.core.doctype.scheduled_job_type.scheduled_job_type.run_scheduled_jo..., kwargs={'job_type': 'frappe.email.doctype.unhandled_email.unhandled_email.remove_o..., method='frappe.core.doctype.scheduled_job_type.scheduled_job_type.run_scheduled_jo..., site='visit.test', user='Administrator') (0db4db16-f554-40b3-a0f1-6236c1a06dfb)
01:56:09 long: Job OK (5ddf5978-5d39-4026-b13d-e249242110c9)
01:56:09 Result is kept for 500 seconds
01:56:09 long: frappe.utils.background_jobs.execute_job(event=None, is_async=True, job_name='frappe.core.doctype.scheduled_job_type.scheduled_job_type.run_scheduled_jo..., kwargs={'job_type': 'frappe.integrations.doctype.s3_backup_settings.s3_backup_sett..., method='frappe.core.doctype.scheduled_job_type.scheduled_job_type.run_scheduled_jo..., site='visit.test', user='Administrator') (c8eb76e7-82f7-4559-8084-8b44135bf671)
01:56:09 default: Job OK (0db4db16-f554-40b3-a0f1-6236c1a06dfb)
01:56:09 Result is kept for 500 seconds
01:56:09 default: frappe.utils.background_jobs.execute_job(event=None, is_async=True, job_name='frappe.core.doctype.scheduled_job_type.scheduled_job_type.run_scheduled_jo..., kwargs={'job_type': 'frappe.automation.doctype.auto_repeat.auto_repeat.set_auto_re..., method='frappe.core.doctype.scheduled_job_type.scheduled_job_type.run_scheduled_jo..., site='visit.test', user='Administrator') (ce5bbaf9-9f8f-4d63-9279-cf9765033f85)
01:56:10 long: Job OK (c8eb76e7-82f7-4559-8084-8b44135bf671)
01:56:10 Result is kept for 500 seconds
01:56:10 long: frappe.utils.background_jobs.execute_job(event=None, is_async=True, job_name='frappe.core.doctype.scheduled_job_type.scheduled_job_type.run_scheduled_jo..., kwargs={'job_type': 'frappe.integrations.doctype.dropbox_settings.dropbox_settings..., method='frappe.core.doctype.scheduled_job_type.scheduled_job_type.run_scheduled_jo..., site='visit.test', user='Administrator') (8d812a55-bfaa-4bde-8f9a-4c351b34c1fd)
01:56:10 default: Job OK (ce5bbaf9-9f8f-4d63-9279-cf9765033f85)
01:56:10 Result is kept for 500 seconds
01:56:10 default: frappe.utils.background_jobs.execute_job(event=None, is_async=True, job_name='frappe.core.doctype.scheduled_job_type.scheduled_job_type.run_scheduled_jo..., kwargs={'job_type': 'frappe.automation.doctype.auto_repeat.auto_repeat.make_auto_r..., method='frappe.core.doctype.scheduled_job_type.scheduled_job_type.run_scheduled_jo..., site='visit.test', user='Administrator') (4bab00ca-c943-4e18-ab6b-9295df9e9329)
01:56:10 default: Job OK (4bab00ca-c943-4e18-ab6b-9295df9e9329)
01:56:10 Result is kept for 500 seconds
01:56:10 default: frappe.utils.background_jobs.execute_job(event=None, is_async=True, job_name='frappe.core.doctype.scheduled_job_type.scheduled_job_type.run_scheduled_jo..., kwargs={'job_type': 'frappe.integrations.doctype.google_contacts.google_contacts.s..., method='frappe.core.doctype.scheduled_job_type.scheduled_job_type.run_scheduled_jo..., site='visit.test', user='Administrator') (e3534384-c885-46af-8c89-a1567a5496b0)
01:56:11 long: Job OK (8d812a55-bfaa-4bde-8f9a-4c351b34c1fd)
01:56:11 Result is kept for 500 seconds
01:56:11 long: frappe.utils.background_jobs.execute_job(event=None, is_async=True, job_name='frappe.core.doctype.scheduled_job_type.scheduled_job_type.run_scheduled_jo..., kwargs={'job_type': 'frappe.integrations.doctype.google_drive.google_drive.daily_b..., method='frappe.core.doctype.scheduled_job_type.scheduled_job_type.run_scheduled_jo..., site='visit.test', user='Administrator') (575f07f2-be73-4a36-ab82-fe8b8962d845)
01:56:11 default: Job OK (e3534384-c885-46af-8c89-a1567a5496b0)
01:56:11 Result is kept for 500 seconds
01:56:11 default: frappe.utils.background_jobs.execute_job(event=None, is_async=True, job_name='frappe.core.doctype.scheduled_job_type.scheduled_job_type.run_scheduled_jo..., kwargs={'job_type': 'frappe.social.doctype.energy_point_settings.energy_point_sett..., method='frappe.core.doctype.scheduled_job_type.scheduled_job_type.run_scheduled_jo..., site='visit.test', user='Administrator') (5326679a-4a8e-40ed-a297-ec75be788425)
01:56:11 long: Job OK (575f07f2-be73-4a36-ab82-fe8b8962d845)
01:56:11 Result is kept for 500 seconds
01:56:11 long: frappe.utils.background_jobs.execute_job(event=None, is_async=True, job_name='frappe.core.doctype.scheduled_job_type.scheduled_job_type.run_scheduled_jo..., kwargs={'job_type': 'frappe.integrations.doctype.s3_backup_settings.s3_backup_sett..., method='frappe.core.doctype.scheduled_job_type.scheduled_job_type.run_scheduled_jo..., site='visit.test', user='Administrator') (8537fbf1-72cf-4fe1-9087-99bc9c56f912)
01:56:11 default: Job OK (5326679a-4a8e-40ed-a297-ec75be788425)
01:56:11 Result is kept for 500 seconds
01:56:11 default: frappe.utils.background_jobs.execute_job(event=None, is_async=True, job_name='frappe.core.doctype.scheduled_job_type.scheduled_job_type.run_scheduled_jo..., kwargs={'job_type': 'frappe.desk.form.document_follow.send_daily_updates'}, method='frappe.core.doctype.scheduled_job_type.scheduled_job_type.run_scheduled_jo..., site='visit.test', user='Administrator') (fb8789f5-473a-4645-a794-a98a54208bc0)
01:56:12 default: Job OK (fb8789f5-473a-4645-a794-a98a54208bc0)
01:56:12 Result is kept for 500 seconds
01:56:12 default: frappe.utils.background_jobs.execute_job(event=None, is_async=True, job_name='frappe.core.doctype.scheduled_job_type.scheduled_job_type.run_scheduled_jo..., kwargs={'job_type': 'frappe.website.doctype.personal_data_deletion_request.persona..., method='frappe.core.doctype.scheduled_job_type.scheduled_job_type.run_scheduled_jo..., site='visit.test', user='Administrator') (db5fa1a3-2ada-42f5-a045-71eb539db4cc)
01:56:12 long: Job OK (8537fbf1-72cf-4fe1-9087-99bc9c56f912)
01:56:12 Result is kept for 500 seconds
01:56:12 long: frappe.utils.background_jobs.execute_job(event=None, is_async=True, job_name='frappe.core.doctype.scheduled_job_type.scheduled_job_type.run_scheduled_jo..., kwargs={'job_type': 'frappe.utils.change_log.check_for_update'}, method='frappe.core.doctype.scheduled_job_type.scheduled_job_type.run_scheduled_jo..., site='visit.test', user='Administrator') (5ac45bcc-61e6-48e5-b182-27604542a041)
01:56:12 default: Job OK (db5fa1a3-2ada-42f5-a045-71eb539db4cc)
01:56:12 Result is kept for 500 seconds
01:56:12 default: frappe.utils.background_jobs.execute_job(event=None, is_async=True, job_name='frappe.core.doctype.scheduled_job_type.scheduled_job_type.run_scheduled_jo..., kwargs={'job_type': 'frappe.email.doctype.auto_email_report.auto_email_report.send..., method='frappe.core.doctype.scheduled_job_type.scheduled_job_type.run_scheduled_jo..., site='visit.test', user='Administrator') (d9cae031-724b-4861-848e-8d4db5f8f402)
01:56:13 default: Job OK (d9cae031-724b-4861-848e-8d4db5f8f402)
01:56:13 Result is kept for 500 seconds
01:56:13 default: frappe.utils.background_jobs.execute_job(event=None, is_async=True, job_name='frappe.core.doctype.scheduled_job_type.scheduled_job_type.run_scheduled_jo..., kwargs={'job_type': 'frappe.utils.scheduler.restrict_scheduler_events_if_dormant'}, method='frappe.core.doctype.scheduled_job_type.scheduled_job_type.run_scheduled_jo..., site='visit.test', user='Administrator') (130b3ead-dad8-4f6d-952f-807fa66a5ea5)
01:56:13 default: Job OK (130b3ead-dad8-4f6d-952f-807fa66a5ea5)
01:56:13 Result is kept for 500 seconds
01:56:13 default: frappe.utils.background_jobs.execute_job(event=None, is_async=True, job_name='frappe.core.doctype.scheduled_job_type.scheduled_job_type.run_scheduled_jo..., kwargs={'job_type': 'frappe.realtime.remove_old_task_logs'}, method='frappe.core.doctype.scheduled_job_type.scheduled_job_type.run_scheduled_jo..., site='visit.test', user='Administrator') (f24101f5-1335-423b-a00c-bc1ad1433f36)
01:56:13 default: Job OK (f24101f5-1335-423b-a00c-bc1ad1433f36)
01:56:13 Result is kept for 500 seconds
01:56:13 default: frappe.utils.background_jobs.execute_job(event=None, is_async=True, job_name='frappe.core.doctype.scheduled_job_type.scheduled_job_type.run_scheduled_jo..., kwargs={'job_type': 'frappe.email.doctype.notification.notification.trigger_daily_..., method='frappe.core.doctype.scheduled_job_type.scheduled_job_type.run_scheduled_jo..., site='visit.test', user='Administrator') (0a416d46-0724-4d20-baf4-91ce74da72db)
01:56:13 default: Job OK (0a416d46-0724-4d20-baf4-91ce74da72db)
01:56:13 Result is kept for 500 seconds
01:56:13 default: frappe.utils.background_jobs.execute_job(event=None, is_async=True, job_name='frappe.core.doctype.scheduled_job_type.scheduled_job_type.run_scheduled_jo..., kwargs={'job_type': 'frappe.sessions.clear_expired_sessions'}, method='frappe.core.doctype.scheduled_job_type.scheduled_job_type.run_scheduled_jo..., site='visit.test', user='Administrator') (c9f0714d-95b2-4c51-b8ce-aff9c94dad58)
01:56:14 default: Job OK (c9f0714d-95b2-4c51-b8ce-aff9c94dad58)
01:56:14 Result is kept for 500 seconds
01:56:14 default: frappe.utils.background_jobs.execute_job(event=None, is_async=True, job_name='frappe.core.doctype.scheduled_job_type.scheduled_job_type.run_scheduled_jo..., kwargs={'job_type': 'frappe.desk.doctype.event.event.send_event_digest'}, method='frappe.core.doctype.scheduled_job_type.scheduled_job_type.run_scheduled_jo..., site='visit.test', user='Administrator') (113a55b6-89e1-4e84-879e-0b7de5755d83)
01:56:14 long: Job OK (5ac45bcc-61e6-48e5-b182-27604542a041)
01:56:14 Result is kept for 500 seconds
01:56:14 long: frappe.utils.background_jobs.execute_job(event=None, is_async=True, job_name='frappe.core.doctype.scheduled_job_type.scheduled_job_type.run_scheduled_jo..., kwargs={'job_type': 'frappe.integrations.doctype.dropbox_settings.dropbox_settings..., method='frappe.core.doctype.scheduled_job_type.scheduled_job_type.run_scheduled_jo..., site='visit.test', user='Administrator') (6b228cde-b2b5-45be-8850-dadf98ef0063)
01:56:14 default: Job OK (113a55b6-89e1-4e84-879e-0b7de5755d83)
01:56:14 Result is kept for 500 seconds
01:56:14 default: frappe.utils.background_jobs.execute_job(event=None, is_async=True, job_name='frappe.core.doctype.scheduled_job_type.scheduled_job_type.run_scheduled_jo..., kwargs={'job_type': 'frappe.core.doctype.error_log.error_log.set_old_logs_as_seen'..., method='frappe.core.doctype.scheduled_job_type.scheduled_job_type.run_scheduled_jo..., site='visit.test', user='Administrator') (543176e9-2a8e-4fbb-8a92-fa2acb357db6)
01:56:14 default: Job OK (543176e9-2a8e-4fbb-8a92-fa2acb357db6)
01:56:14 Result is kept for 500 seconds
01:56:14 default: frappe.utils.background_jobs.execute_job(event=None, is_async=True, job_name='frappe.core.doctype.scheduled_job_type.scheduled_job_type.run_scheduled_jo..., kwargs={'job_type': 'frappe.desk.notifications.clear_notifications'}, method='frappe.core.doctype.scheduled_job_type.scheduled_job_type.run_scheduled_jo..., site='visit.test', user='Administrator') (6820bf5f-a0ab-41be-8b78-83890fabf186)
01:56:15 default: Job OK (6820bf5f-a0ab-41be-8b78-83890fabf186)
01:56:15 Result is kept for 500 seconds
01:56:15 default: frappe.utils.background_jobs.execute_job(event=None, is_async=True, job_name='frappe.core.doctype.scheduled_job_type.scheduled_job_type.run_scheduled_jo..., kwargs={'job_type': 'frappe.email.queue.set_expiry_for_email_queue'}, method='frappe.core.doctype.scheduled_job_type.scheduled_job_type.run_scheduled_jo..., site='visit.test', user='Administrator') (52cb4dd0-394b-4e29-9dc4-3b3f81794395)
01:56:15 long: Job OK (6b228cde-b2b5-45be-8850-dadf98ef0063)
01:56:15 Result is kept for 500 seconds
01:56:15 default: Job OK (52cb4dd0-394b-4e29-9dc4-3b3f81794395)
01:56:15 Result is kept for 500 seconds
01:56:15 default: frappe.utils.background_jobs.execute_job(event=None, is_async=True, job_name='frappe.core.doctype.scheduled_job_type.scheduled_job_type.run_scheduled_jo..., kwargs={'job_type': 'frappe.utils.password.delete_password_reset_cache'}, method='frappe.core.doctype.scheduled_job_type.scheduled_job_type.run_scheduled_jo..., site='visit.test', user='Administrator') (273f318f-6c19-4fe4-bb39-32c4a3bea14e)
01:56:15 default: Job OK (273f318f-6c19-4fe4-bb39-32c4a3bea14e)
01:56:15 Result is kept for 500 seconds
01:56:15 default: frappe.utils.background_jobs.execute_job(event=None, is_async=True, job_name='frappe.core.doctype.scheduled_job_type.scheduled_job_type.run_scheduled_jo..., kwargs={'job_type': 'frappe.email.doctype.newsletter.newsletter.send_scheduled_ema..., method='frappe.core.doctype.scheduled_job_type.scheduled_job_type.run_scheduled_jo..., site='visit.test', user='Administrator') (7d6a6f5d-33b3-4cf3-8359-0f282fe0448e)
01:56:16 default: Job OK (7d6a6f5d-33b3-4cf3-8359-0f282fe0448e)
01:56:16 Result is kept for 500 seconds
01:56:16 default: frappe.utils.background_jobs.execute_job(event=None, is_async=True, job_name='frappe.core.doctype.scheduled_job_type.scheduled_job_type.run_scheduled_jo..., kwargs={'job_type': 'frappe.integrations.doctype.google_calendar.google_calendar.s..., method='frappe.core.doctype.scheduled_job_type.scheduled_job_type.run_scheduled_jo..., site='visit.test', user='Administrator') (69a56194-2cac-472e-8383-8687c5217225)
01:56:16 default: Job OK (69a56194-2cac-472e-8383-8687c5217225)
01:56:16 Result is kept for 500 seconds
01:56:16 default: frappe.utils.background_jobs.execute_job(event=None, is_async=True, job_name='frappe.core.doctype.scheduled_job_type.scheduled_job_type.run_scheduled_jo..., kwargs={'job_type': 'frappe.desk.form.document_follow.send_hourly_updates'}, method='frappe.core.doctype.scheduled_job_type.scheduled_job_type.run_scheduled_jo..., site='visit.test', user='Administrator') (a9bab394-9aac-4248-8a8e-920205eaf735)
01:56:16 default: Job OK (a9bab394-9aac-4248-8a8e-920205eaf735)
01:56:16 Result is kept for 500 seconds
01:56:16 default: frappe.utils.background_jobs.execute_job(event=None, is_async=True, job_name='frappe.core.doctype.scheduled_job_type.scheduled_job_type.run_scheduled_jo..., kwargs={'job_type': 'frappe.deferred_insert.save_to_db'}, method='frappe.core.doctype.scheduled_job_type.scheduled_job_type.run_scheduled_jo..., site='visit.test', user='Administrator') (e7ad9c75-5959-4cc0-a986-4b0cd8dcd596)
01:56:16 default: Job OK (e7ad9c75-5959-4cc0-a986-4b0cd8dcd596)
01:56:16 Result is kept for 500 seconds
01:56:16 default: frappe.utils.background_jobs.execute_job(event=None, is_async=True, job_name='frappe.core.doctype.scheduled_job_type.scheduled_job_type.run_scheduled_jo..., kwargs={'job_type': 'frappe.desk.page.backups.backups.delete_downloadable_backups'..., method='frappe.core.doctype.scheduled_job_type.scheduled_job_type.run_scheduled_jo..., site='visit.test', user='Administrator') (738634af-4ebf-4685-aff9-e884fa404282)
01:56:16 default: Job OK (738634af-4ebf-4685-aff9-e884fa404282)
01:56:16 Result is kept for 500 seconds
01:56:16 default: frappe.utils.background_jobs.execute_job(event=None, is_async=True, job_name='frappe.core.doctype.scheduled_job_type.scheduled_job_type.run_scheduled_jo..., kwargs={'job_type': 'frappe.utils.error.collect_error_snapshots'}, method='frappe.core.doctype.scheduled_job_type.scheduled_job_type.run_scheduled_jo..., site='visit.test', user='Administrator') (1b453d85-e0b8-4edb-9fb5-4f40068b0c4a)
01:56:17 default: Job OK (1b453d85-e0b8-4edb-9fb5-4f40068b0c4a)
01:56:17 Result is kept for 500 seconds
01:56:17 default: frappe.utils.background_jobs.execute_job(event=None, is_async=True, job_name='frappe.core.doctype.scheduled_job_type.scheduled_job_type.run_scheduled_jo..., kwargs={'job_type': 'frappe.model.utils.user_settings.sync_user_settings'}, method='frappe.core.doctype.scheduled_job_type.scheduled_job_type.run_scheduled_jo..., site='visit.test', user='Administrator') (51fe52fa-03f5-494e-8fa6-fb1ef0ee5fdd)
01:56:17 default: Job OK (51fe52fa-03f5-494e-8fa6-fb1ef0ee5fdd)
01:56:17 Result is kept for 500 seconds
01:56:17 default: frappe.utils.background_jobs.execute_job(event=None, is_async=True, job_name='frappe.core.doctype.scheduled_job_type.scheduled_job_type.run_scheduled_jo..., kwargs={'job_type': 'frappe.model.utils.link_count.update_link_count'}, method='frappe.core.doctype.scheduled_job_type.scheduled_job_type.run_scheduled_jo..., site='visit.test', user='Administrator') (4fbd120b-35f2-4cf0-82d3-7bc6d9f53de5)
01:56:17 default: Job OK (4fbd120b-35f2-4cf0-82d3-7bc6d9f53de5)
01:56:17 Result is kept for 500 seconds
01:56:17 default: frappe.utils.background_jobs.execute_job(event=None, is_async=True, job_name='frappe.core.doctype.scheduled_job_type.scheduled_job_type.run_scheduled_jo..., kwargs={'job_type': 'frappe.monitor.flush'}, method='frappe.core.doctype.scheduled_job_type.scheduled_job_type.run_scheduled_jo..., site='visit.test', user='Administrator') (821c42ca-d2de-4341-bd7b-61d09f32a2e2)
01:56:17 default: Job OK (821c42ca-d2de-4341-bd7b-61d09f32a2e2)
01:56:17 Result is kept for 500 seconds
01:56:17 default: frappe.utils.background_jobs.execute_job(event=None, is_async=True, job_name='frappe.core.doctype.scheduled_job_type.scheduled_job_type.run_scheduled_jo..., kwargs={'job_type': 'frappe.utils.global_search.sync_global_search'}, method='frappe.core.doctype.scheduled_job_type.scheduled_job_type.run_scheduled_jo..., site='visit.test', user='Administrator') (44a46e9c-b4bb-4e16-8db2-9ab7dbfaa314)
01:56:17 default: Job OK (44a46e9c-b4bb-4e16-8db2-9ab7dbfaa314)
01:56:17 Result is kept for 500 seconds
01:56:17 default: frappe.utils.background_jobs.execute_job(event=None, is_async=True, job_name='frappe.core.doctype.scheduled_job_type.scheduled_job_type.run_scheduled_jo..., kwargs={'job_type': 'frappe.integrations.doctype.razorpay_settings.razorpay_settin..., method='frappe.core.doctype.scheduled_job_type.scheduled_job_type.run_scheduled_jo..., site='visit.test', user='Administrator') (187d9127-4ee3-400b-b975-2cae973a3130)
01:56:18 default: Job OK (187d9127-4ee3-400b-b975-2cae973a3130)
01:56:18 Result is kept for 500 seconds
01:56:18 default: frappe.utils.background_jobs.execute_job(event=None, is_async=True, job_name='frappe.core.doctype.scheduled_job_type.scheduled_job_type.run_scheduled_jo..., kwargs={'job_type': 'frappe.email.doctype.email_account.email_account.notify_unrep..., method='frappe.core.doctype.scheduled_job_type.scheduled_job_type.run_scheduled_jo..., site='visit.test', user='Administrator') (41d1d5f6-9001-4929-a2cf-b2daa7a2e03e)
01:56:18 default: Job OK (41d1d5f6-9001-4929-a2cf-b2daa7a2e03e)
01:56:18 Result is kept for 500 seconds
01:56:18 default: frappe.utils.background_jobs.execute_job(event=None, is_async=True, job_name='frappe.core.doctype.scheduled_job_type.scheduled_job_type.run_scheduled_jo..., kwargs={'job_type': 'frappe.email.doctype.email_account.email_account.pull'}, method='frappe.core.doctype.scheduled_job_type.scheduled_job_type.run_scheduled_jo..., site='visit.test', user='Administrator') (4193c116-8c00-453a-b56c-9b81715b30ef)
01:56:18 default: Job OK (4193c116-8c00-453a-b56c-9b81715b30ef)
01:56:18 Result is kept for 500 seconds
01:56:18 default: frappe.utils.background_jobs.execute_job(event=None, is_async=True, job_name='frappe.core.doctype.scheduled_job_type.scheduled_job_type.run_scheduled_jo..., kwargs={'job_type': 'frappe.email.queue.flush'}, method='frappe.core.doctype.scheduled_job_type.scheduled_job_type.run_scheduled_jo..., site='visit.test', user='Administrator') (58d96ccd-0805-48b0-bf7c-2da34de11654)
01:56:18 default: Job OK (58d96ccd-0805-48b0-bf7c-2da34de11654)
01:56:18 Result is kept for 500 seconds
01:56:18 default: frappe.utils.background_jobs.execute_job(event=None, is_async=True, job_name='frappe.core.doctype.scheduled_job_type.scheduled_job_type.run_scheduled_jo..., kwargs={'job_type': 'frappe.twofactor.delete_all_barcodes_for_users'}, method='frappe.core.doctype.scheduled_job_type.scheduled_job_type.run_scheduled_jo..., site='visit.test', user='Administrator') (ac424d0d-ddec-4230-a649-188ff07e1ce3)
01:56:19 default: Job OK (ac424d0d-ddec-4230-a649-188ff07e1ce3)
01:56:19 Result is kept for 500 seconds
01:56:19 default: frappe.utils.background_jobs.execute_job(event=None, is_async=True, job_name='frappe.core.doctype.scheduled_job_type.scheduled_job_type.run_scheduled_jo..., kwargs={'job_type': 'frappe.website.doctype.web_page.web_page.check_publish_status..., method='frappe.core.doctype.scheduled_job_type.scheduled_job_type.run_scheduled_jo..., site='visit.test', user='Administrator') (6e9e7cde-bac5-447c-b5a6-9ea1cb14151e)
01:56:19 default: Job OK (6e9e7cde-bac5-447c-b5a6-9ea1cb14151e)
01:56:19 Result is kept for 500 seconds
01:56:19 default: frappe.utils.background_jobs.execute_job(event=None, is_async=True, job_name='frappe.core.doctype.scheduled_job_type.scheduled_job_type.run_scheduled_jo..., kwargs={'job_type': 'frappe.oauth.delete_oauth2_data'}, method='frappe.core.doctype.scheduled_job_type.scheduled_job_type.run_scheduled_jo..., site='visit.test', user='Administrator') (2dbbee29-8e9c-4bb9-bcda-8f782a63e729)
01:56:19 default: Job OK (2dbbee29-8e9c-4bb9-bcda-8f782a63e729)
01:56:19 Result is kept for 500 seconds
01:56:19 default: frappe.utils.background_jobs.execute_job(event=None, is_async=True, job_name='frappe.automation.doctype.auto_repeat.auto_repeat.create_repeated_entries', kwargs={'data': []}, method='frappe.automation.doctype.auto_repeat.auto_repeat.create_repeated_entries', site='visit.test', user='Administrator') (c1dbc1f3-f6f0-4606-bcf1-4ce5142a8abc)
01:56:19 default: Job OK (c1dbc1f3-f6f0-4606-bcf1-4ce5142a8abc)
01:56:19 Result is kept for 500 seconds
01:58:09 default: frappe.utils.background_jobs.execute_job(event=None, is_async=True, job_name='frappe.core.doctype.scheduled_job_type.scheduled_job_type.run_scheduled_jo..., kwargs={'job_type': 'frappe.monitor.flush'}, method='frappe.core.doctype.scheduled_job_type.scheduled_job_type.run_scheduled_jo..., site='visit.test', user='Administrator') (67f336b8-35bb-444b-9225-d6d8659c39b9)
01:58:09 default: Job OK (67f336b8-35bb-444b-9225-d6d8659c39b9)
01:58:09 Result is kept for 500 seconds
01:58:09 default: frappe.utils.background_jobs.execute_job(event=None, is_async=True, job_name='frappe.core.doctype.scheduled_job_type.scheduled_job_type.run_scheduled_jo..., kwargs={'job_type': 'frappe.utils.global_search.sync_global_search'}, method='frappe.core.doctype.scheduled_job_type.scheduled_job_type.run_scheduled_jo..., site='visit.test', user='Administrator') (709fbc66-2195-46ec-8faf-985ebf507ada)
01:58:09 default: Job OK (709fbc66-2195-46ec-8faf-985ebf507ada)
01:58:09 Result is kept for 500 seconds
01:58:09 default: frappe.utils.background_jobs.execute_job(event=None, is_async=True, job_name='frappe.core.doctype.scheduled_job_type.scheduled_job_type.run_scheduled_jo..., kwargs={'job_type': 'frappe.integrations.doctype.razorpay_settings.razorpay_settin..., method='frappe.core.doctype.scheduled_job_type.scheduled_job_type.run_scheduled_jo..., site='visit.test', user='Administrator') (ee0eae11-310a-4988-9bda-56db75580398)
01:58:09 default: Job OK (ee0eae11-310a-4988-9bda-56db75580398)
01:58:09 Result is kept for 500 seconds
01:58:09 default: frappe.utils.background_jobs.execute_job(event=None, is_async=True, job_name='frappe.core.doctype.scheduled_job_type.scheduled_job_type.run_scheduled_jo..., kwargs={'job_type': 'frappe.email.doctype.email_account.email_account.notify_unrep..., method='frappe.core.doctype.scheduled_job_type.scheduled_job_type.run_scheduled_jo..., site='visit.test', user='Administrator') (bf4431ca-1975-480c-b184-cc4dc9834a61)
01:58:09 default: Job OK (bf4431ca-1975-480c-b184-cc4dc9834a61)
01:58:09 Result is kept for 500 seconds
01:58:09 default: frappe.utils.background_jobs.execute_job(event=None, is_async=True, job_name='frappe.core.doctype.scheduled_job_type.scheduled_job_type.run_scheduled_jo..., kwargs={'job_type': 'frappe.email.doctype.email_account.email_account.pull'}, method='frappe.core.doctype.scheduled_job_type.scheduled_job_type.run_scheduled_jo..., site='visit.test', user='Administrator') (e471d6e8-3f5a-414a-934e-1a242f23074e)
01:58:09 default: Job OK (e471d6e8-3f5a-414a-934e-1a242f23074e)
01:58:09 Result is kept for 500 seconds
01:58:09 default: frappe.utils.background_jobs.execute_job(event=None, is_async=True, job_name='frappe.core.doctype.scheduled_job_type.scheduled_job_type.run_scheduled_jo..., kwargs={'job_type': 'frappe.email.queue.flush'}, method='frappe.core.doctype.scheduled_job_type.scheduled_job_type.run_scheduled_jo..., site='visit.test', user='Administrator') (5be1a118-75af-4684-8450-d1fe8ce48fa6)
01:58:09 default: Job OK (5be1a118-75af-4684-8450-d1fe8ce48fa6)
01:58:09 Result is kept for 500 seconds
02:00:09 default: frappe.utils.background_jobs.execute_job(event=None, is_async=True, job_name='frappe.core.doctype.scheduled_job_type.scheduled_job_type.run_scheduled_jo..., kwargs={'job_type': 'frappe.twofactor.delete_all_barcodes_for_users'}, method='frappe.core.doctype.scheduled_job_type.scheduled_job_type.run_scheduled_jo..., site='visit.test', user='Administrator') (0e046a18-91e3-4f78-aa92-80ff7025b35b)
02:00:09 default: Job OK (0e046a18-91e3-4f78-aa92-80ff7025b35b)
02:00:09 Result is kept for 500 seconds
02:00:09 default: frappe.utils.background_jobs.execute_job(event=None, is_async=True, job_name='frappe.core.doctype.scheduled_job_type.scheduled_job_type.run_scheduled_jo..., kwargs={'job_type': 'frappe.website.doctype.web_page.web_page.check_publish_status..., method='frappe.core.doctype.scheduled_job_type.scheduled_job_type.run_scheduled_jo..., site='visit.test', user='Administrator') (86a7b97b-977e-4a98-a1fa-afdb3c4813b7)
02:00:10 default: Job OK (86a7b97b-977e-4a98-a1fa-afdb3c4813b7)
02:00:10 Result is kept for 500 seconds
02:00:10 default: frappe.utils.background_jobs.execute_job(event=None, is_async=True, job_name='frappe.core.doctype.scheduled_job_type.scheduled_job_type.run_scheduled_jo..., kwargs={'job_type': 'frappe.oauth.delete_oauth2_data'}, method='frappe.core.doctype.scheduled_job_type.scheduled_job_type.run_scheduled_jo..., site='visit.test', user='Administrator') (6af4815b-72ba-490a-850e-8734ba2b6ce1)
02:00:10 default: Job OK (6af4815b-72ba-490a-850e-8734ba2b6ce1)
02:00:10 Result is kept for 500 seconds
02:02:10 default: frappe.utils.background_jobs.execute_job(event=None, is_async=True, job_name='frappe.core.doctype.scheduled_job_type.scheduled_job_type.run_scheduled_jo..., kwargs={'job_type': 'frappe.monitor.flush'}, method='frappe.core.doctype.scheduled_job_type.scheduled_job_type.run_scheduled_jo..., site='visit.test', user='Administrator') (dbcb59b3-e5f2-4544-8df7-e597a775bad3)
02:02:10 default: Job OK (dbcb59b3-e5f2-4544-8df7-e597a775bad3)
02:02:10 Result is kept for 500 seconds
02:02:10 default: frappe.utils.background_jobs.execute_job(event=None, is_async=True, job_name='frappe.core.doctype.scheduled_job_type.scheduled_job_type.run_scheduled_jo..., kwargs={'job_type': 'frappe.utils.global_search.sync_global_search'}, method='frappe.core.doctype.scheduled_job_type.scheduled_job_type.run_scheduled_jo..., site='visit.test', user='Administrator') (2135402f-7a09-4f16-941c-def45b2d39e9)
02:02:10 default: Job OK (2135402f-7a09-4f16-941c-def45b2d39e9)
02:02:10 Result is kept for 500 seconds
02:02:10 default: frappe.utils.background_jobs.execute_job(event=None, is_async=True, job_name='frappe.core.doctype.scheduled_job_type.scheduled_job_type.run_scheduled_jo..., kwargs={'job_type': 'frappe.integrations.doctype.razorpay_settings.razorpay_settin..., method='frappe.core.doctype.scheduled_job_type.scheduled_job_type.run_scheduled_jo..., site='visit.test', user='Administrator') (f7d7d450-b2bb-4ba6-a231-609eec18f0d7)
02:02:10 default: Job OK (f7d7d450-b2bb-4ba6-a231-609eec18f0d7)
02:02:10 Result is kept for 500 seconds
02:02:10 default: frappe.utils.background_jobs.execute_job(event=None, is_async=True, job_name='frappe.core.doctype.scheduled_job_type.scheduled_job_type.run_scheduled_jo..., kwargs={'job_type': 'frappe.email.doctype.email_account.email_account.notify_unrep..., method='frappe.core.doctype.scheduled_job_type.scheduled_job_type.run_scheduled_jo..., site='visit.test', user='Administrator') (02b25f56-96fc-4063-b493-a4dc73449ce8)
02:02:10 default: Job OK (02b25f56-96fc-4063-b493-a4dc73449ce8)
02:02:10 Result is kept for 500 seconds
02:02:10 default: frappe.utils.background_jobs.execute_job(event=None, is_async=True, job_name='frappe.core.doctype.scheduled_job_type.scheduled_job_type.run_scheduled_jo..., kwargs={'job_type': 'frappe.email.doctype.email_account.email_account.pull'}, method='frappe.core.doctype.scheduled_job_type.scheduled_job_type.run_scheduled_jo..., site='visit.test', user='Administrator') (1e1cad4a-22f0-4013-83f1-5272756ed5c2)
02:02:10 default: Job OK (1e1cad4a-22f0-4013-83f1-5272756ed5c2)
02:02:10 Result is kept for 500 seconds
02:02:10 default: frappe.utils.background_jobs.execute_job(event=None, is_async=True, job_name='frappe.core.doctype.scheduled_job_type.scheduled_job_type.run_scheduled_jo..., kwargs={'job_type': 'frappe.email.queue.flush'}, method='frappe.core.doctype.scheduled_job_type.scheduled_job_type.run_scheduled_jo..., site='visit.test', user='Administrator') (54588083-e1eb-4fb0-b9d8-c5d1f4c8ad50)
02:02:11 default: Job OK (54588083-e1eb-4fb0-b9d8-c5d1f4c8ad50)
02:02:11 Result is kept for 500 seconds
02:06:10 default: frappe.utils.background_jobs.execute_job(event=None, is_async=True, job_name='frappe.core.doctype.scheduled_job_type.scheduled_job_type.run_scheduled_jo..., kwargs={'job_type': 'frappe.monitor.flush'}, method='frappe.core.doctype.scheduled_job_type.scheduled_job_type.run_scheduled_jo..., site='visit.test', user='Administrator') (8bf3f790-ba0e-47c5-8c80-0df04a237ead)
02:06:11 default: Job OK (8bf3f790-ba0e-47c5-8c80-0df04a237ead)
02:06:11 Result is kept for 500 seconds
02:06:11 default: frappe.utils.background_jobs.execute_job(event=None, is_async=True, job_name='frappe.core.doctype.scheduled_job_type.scheduled_job_type.run_scheduled_jo..., kwargs={'job_type': 'frappe.utils.global_search.sync_global_search'}, method='frappe.core.doctype.scheduled_job_type.scheduled_job_type.run_scheduled_jo..., site='visit.test', user='Administrator') (299b3fbd-1a70-4234-b8b7-98bd57d241a9)
02:06:11 default: Job OK (299b3fbd-1a70-4234-b8b7-98bd57d241a9)
02:06:11 Result is kept for 500 seconds
02:06:11 default: frappe.utils.background_jobs.execute_job(event=None, is_async=True, job_name='frappe.core.doctype.scheduled_job_type.scheduled_job_type.run_scheduled_jo..., kwargs={'job_type': 'frappe.integrations.doctype.razorpay_settings.razorpay_settin..., method='frappe.core.doctype.scheduled_job_type.scheduled_job_type.run_scheduled_jo..., site='visit.test', user='Administrator') (2cdffcf2-1127-4184-a58d-9c0e31da0522)
02:06:11 default: Job OK (2cdffcf2-1127-4184-a58d-9c0e31da0522)
02:06:11 Result is kept for 500 seconds
02:06:11 default: frappe.utils.background_jobs.execute_job(event=None, is_async=True, job_name='frappe.core.doctype.scheduled_job_type.scheduled_job_type.run_scheduled_jo..., kwargs={'job_type': 'frappe.email.doctype.email_account.email_account.notify_unrep..., method='frappe.core.doctype.scheduled_job_type.scheduled_job_type.run_scheduled_jo..., site='visit.test', user='Administrator') (70f5fc0e-1a42-49a7-86bf-8bd60b0c9d96)
02:06:11 default: Job OK (70f5fc0e-1a42-49a7-86bf-8bd60b0c9d96)
02:06:11 Result is kept for 500 seconds
02:06:11 default: frappe.utils.background_jobs.execute_job(event=None, is_async=True, job_name='frappe.core.doctype.scheduled_job_type.scheduled_job_type.run_scheduled_jo..., kwargs={'job_type': 'frappe.email.doctype.email_account.email_account.pull'}, method='frappe.core.doctype.scheduled_job_type.scheduled_job_type.run_scheduled_jo..., site='visit.test', user='Administrator') (58071449-dfb8-4d8e-a24c-a2c68fe5b3c4)
02:06:12 default: Job OK (58071449-dfb8-4d8e-a24c-a2c68fe5b3c4)
02:06:12 Result is kept for 500 seconds
02:06:12 default: frappe.utils.background_jobs.execute_job(event=None, is_async=True, job_name='frappe.core.doctype.scheduled_job_type.scheduled_job_type.run_scheduled_jo..., kwargs={'job_type': 'frappe.email.queue.flush'}, method='frappe.core.doctype.scheduled_job_type.scheduled_job_type.run_scheduled_jo..., site='visit.test', user='Administrator') (e3c64b5c-0ea9-45b3-b0f7-1104f2898e93)
02:06:12 default: Job OK (e3c64b5c-0ea9-45b3-b0f7-1104f2898e93)
02:06:12 Result is kept for 500 seconds
02:10:11 default: frappe.utils.background_jobs.execute_job(event=None, is_async=True, job_name='frappe.core.doctype.scheduled_job_type.scheduled_job_type.run_scheduled_jo..., kwargs={'job_type': 'frappe.monitor.flush'}, method='frappe.core.doctype.scheduled_job_type.scheduled_job_type.run_scheduled_jo..., site='visit.test', user='Administrator') (ceb4be34-da3d-47e9-988d-935089b12f8e)
02:10:12 default: Job OK (ceb4be34-da3d-47e9-988d-935089b12f8e)
02:10:12 Result is kept for 500 seconds
02:10:12 Cleaning registries for queue: default
02:10:12 default: frappe.utils.background_jobs.execute_job(event=None, is_async=True, job_name='frappe.core.doctype.scheduled_job_type.scheduled_job_type.run_scheduled_jo..., kwargs={'job_type': 'frappe.utils.global_search.sync_global_search'}, method='frappe.core.doctype.scheduled_job_type.scheduled_job_type.run_scheduled_jo..., site='visit.test', user='Administrator') (64fd15cf-671c-44e8-be00-1de19c784dc4)
02:10:12 default: Job OK (64fd15cf-671c-44e8-be00-1de19c784dc4)
02:10:12 Result is kept for 500 seconds
02:10:12 default: frappe.utils.background_jobs.execute_job(event=None, is_async=True, job_name='frappe.core.doctype.scheduled_job_type.scheduled_job_type.run_scheduled_jo..., kwargs={'job_type': 'frappe.integrations.doctype.razorpay_settings.razorpay_settin..., method='frappe.core.doctype.scheduled_job_type.scheduled_job_type.run_scheduled_jo..., site='visit.test', user='Administrator') (2fb36029-c152-4125-96f1-a295d2417f6f)
02:10:12 default: Job OK (2fb36029-c152-4125-96f1-a295d2417f6f)
02:10:12 Result is kept for 500 seconds
02:10:12 default: frappe.utils.background_jobs.execute_job(event=None, is_async=True, job_name='frappe.core.doctype.scheduled_job_type.scheduled_job_type.run_scheduled_jo..., kwargs={'job_type': 'frappe.email.doctype.email_account.email_account.notify_unrep..., method='frappe.core.doctype.scheduled_job_type.scheduled_job_type.run_scheduled_jo..., site='visit.test', user='Administrator') (878f5eeb-594e-48be-9acd-28c443cc1269)
02:10:13 default: Job OK (878f5eeb-594e-48be-9acd-28c443cc1269)
02:10:13 Result is kept for 500 seconds
02:10:13 default: frappe.utils.background_jobs.execute_job(event=None, is_async=True, job_name='frappe.core.doctype.scheduled_job_type.scheduled_job_type.run_scheduled_jo..., kwargs={'job_type': 'frappe.email.doctype.email_account.email_account.pull'}, method='frappe.core.doctype.scheduled_job_type.scheduled_job_type.run_scheduled_jo..., site='visit.test', user='Administrator') (89a8af86-7930-4c08-ae99-a24c9f8f032b)
02:10:13 default: Job OK (89a8af86-7930-4c08-ae99-a24c9f8f032b)
02:10:13 Result is kept for 500 seconds
02:10:13 default: frappe.utils.background_jobs.execute_job(event=None, is_async=True, job_name='frappe.core.doctype.scheduled_job_type.scheduled_job_type.run_scheduled_jo..., kwargs={'job_type': 'frappe.email.queue.flush'}, method='frappe.core.doctype.scheduled_job_type.scheduled_job_type.run_scheduled_jo..., site='visit.test', user='Administrator') (86f34af9-5541-4e86-8e3b-faf83a378d97)
02:10:14 default: Job OK (86f34af9-5541-4e86-8e3b-faf83a378d97)
02:10:14 Result is kept for 500 seconds
02:14:13 default: frappe.utils.background_jobs.execute_job(event=None, is_async=True, job_name='frappe.core.doctype.scheduled_job_type.scheduled_job_type.run_scheduled_jo..., kwargs={'job_type': 'frappe.monitor.flush'}, method='frappe.core.doctype.scheduled_job_type.scheduled_job_type.run_scheduled_jo..., site='visit.test', user='Administrator') (f2fa0d8d-15ef-46e5-b256-8243e0244745)
02:14:13 default: Job OK (f2fa0d8d-15ef-46e5-b256-8243e0244745)
02:14:13 Result is kept for 500 seconds
02:14:13 default: frappe.utils.background_jobs.execute_job(event=None, is_async=True, job_name='frappe.core.doctype.scheduled_job_type.scheduled_job_type.run_scheduled_jo..., kwargs={'job_type': 'frappe.utils.global_search.sync_global_search'}, method='frappe.core.doctype.scheduled_job_type.scheduled_job_type.run_scheduled_jo..., site='visit.test', user='Administrator') (9ac157c8-5dcb-4b17-a909-dcdcd75a4a21)
02:14:13 default: Job OK (9ac157c8-5dcb-4b17-a909-dcdcd75a4a21)
02:14:13 Result is kept for 500 seconds
02:14:13 default: frappe.utils.background_jobs.execute_job(event=None, is_async=True, job_name='frappe.core.doctype.scheduled_job_type.scheduled_job_type.run_scheduled_jo..., kwargs={'job_type': 'frappe.integrations.doctype.razorpay_settings.razorpay_settin..., method='frappe.core.doctype.scheduled_job_type.scheduled_job_type.run_scheduled_jo..., site='visit.test', user='Administrator') (f200d767-823c-499b-9945-11f83af1b163)
02:14:13 default: Job OK (f200d767-823c-499b-9945-11f83af1b163)
02:14:13 Result is kept for 500 seconds
02:14:13 default: frappe.utils.background_jobs.execute_job(event=None, is_async=True, job_name='frappe.core.doctype.scheduled_job_type.scheduled_job_type.run_scheduled_jo..., kwargs={'job_type': 'frappe.email.doctype.email_account.email_account.notify_unrep..., method='frappe.core.doctype.scheduled_job_type.scheduled_job_type.run_scheduled_jo..., site='visit.test', user='Administrator') (1aff64b2-763d-40e1-b305-fd126580ac6e)
02:14:13 default: Job OK (1aff64b2-763d-40e1-b305-fd126580ac6e)
02:14:13 Result is kept for 500 seconds
02:14:13 default: frappe.utils.background_jobs.execute_job(event=None, is_async=True, job_name='frappe.core.doctype.scheduled_job_type.scheduled_job_type.run_scheduled_jo..., kwargs={'job_type': 'frappe.email.doctype.email_account.email_account.pull'}, method='frappe.core.doctype.scheduled_job_type.scheduled_job_type.run_scheduled_jo..., site='visit.test', user='Administrator') (7e16a3ec-4057-495d-8a03-a71872ca686d)
02:14:13 default: Job OK (7e16a3ec-4057-495d-8a03-a71872ca686d)
02:14:13 Result is kept for 500 seconds
02:14:13 default: frappe.utils.background_jobs.execute_job(event=None, is_async=True, job_name='frappe.core.doctype.scheduled_job_type.scheduled_job_type.run_scheduled_jo..., kwargs={'job_type': 'frappe.email.queue.flush'}, method='frappe.core.doctype.scheduled_job_type.scheduled_job_type.run_scheduled_jo..., site='visit.test', user='Administrator') (81e8dbaa-febe-4b3f-bb4c-f5bce74ffb60)
02:14:14 default: Job OK (81e8dbaa-febe-4b3f-bb4c-f5bce74ffb60)
02:14:14 Result is kept for 500 seconds
02:15:06 Cleaning registries for queue: short
02:15:13 default: frappe.utils.background_jobs.execute_job(event=None, is_async=True, job_name='frappe.core.doctype.scheduled_job_type.scheduled_job_type.run_scheduled_jo..., kwargs={'job_type': 'frappe.twofactor.delete_all_barcodes_for_users'}, method='frappe.core.doctype.scheduled_job_type.scheduled_job_type.run_scheduled_jo..., site='visit.test', user='Administrator') (932e741d-ad82-414e-b3e8-fe0c765cb146)
02:15:13 default: Job OK (932e741d-ad82-414e-b3e8-fe0c765cb146)
02:15:13 Result is kept for 500 seconds
02:15:13 default: frappe.utils.background_jobs.execute_job(event=None, is_async=True, job_name='frappe.core.doctype.scheduled_job_type.scheduled_job_type.run_scheduled_jo..., kwargs={'job_type': 'frappe.website.doctype.web_page.web_page.check_publish_status..., method='frappe.core.doctype.scheduled_job_type.scheduled_job_type.run_scheduled_jo..., site='visit.test', user='Administrator') (8325dcee-7fb1-48ec-99de-71f8658a267f)
02:15:13 default: Job OK (8325dcee-7fb1-48ec-99de-71f8658a267f)
02:15:13 Result is kept for 500 seconds
02:15:13 default: frappe.utils.background_jobs.execute_job(event=None, is_async=True, job_name='frappe.core.doctype.scheduled_job_type.scheduled_job_type.run_scheduled_jo..., kwargs={'job_type': 'frappe.oauth.delete_oauth2_data'}, method='frappe.core.doctype.scheduled_job_type.scheduled_job_type.run_scheduled_jo..., site='visit.test', user='Administrator') (2216eac4-4446-466f-b48f-c1a22e142ac4)
02:15:13 default: Job OK (2216eac4-4446-466f-b48f-c1a22e142ac4)
02:15:13 Result is kept for 500 seconds
02:16:30 Cleaning registries for queue: long
02:18:13 default: frappe.utils.background_jobs.execute_job(event=None, is_async=True, job_name='frappe.core.doctype.scheduled_job_type.scheduled_job_type.run_scheduled_jo..., kwargs={'job_type': 'frappe.monitor.flush'}, method='frappe.core.doctype.scheduled_job_type.scheduled_job_type.run_scheduled_jo..., site='visit.test', user='Administrator') (8df2993f-d382-40a8-ba8d-d1c878b830a8)
02:18:13 default: Job OK (8df2993f-d382-40a8-ba8d-d1c878b830a8)
02:18:13 Result is kept for 500 seconds
02:18:13 default: frappe.utils.background_jobs.execute_job(event=None, is_async=True, job_name='frappe.core.doctype.scheduled_job_type.scheduled_job_type.run_scheduled_jo..., kwargs={'job_type': 'frappe.utils.global_search.sync_global_search'}, method='frappe.core.doctype.scheduled_job_type.scheduled_job_type.run_scheduled_jo..., site='visit.test', user='Administrator') (b97a689c-da93-4ded-bbb6-e5b366c9a2b4)
02:18:13 default: Job OK (b97a689c-da93-4ded-bbb6-e5b366c9a2b4)
02:18:13 Result is kept for 500 seconds
02:18:13 default: frappe.utils.background_jobs.execute_job(event=None, is_async=True, job_name='frappe.core.doctype.scheduled_job_type.scheduled_job_type.run_scheduled_jo..., kwargs={'job_type': 'frappe.integrations.doctype.razorpay_settings.razorpay_settin..., method='frappe.core.doctype.scheduled_job_type.scheduled_job_type.run_scheduled_jo..., site='visit.test', user='Administrator') (c4accfaa-94ad-46e2-b7f7-5cae3b566e02)
02:18:14 default: Job OK (c4accfaa-94ad-46e2-b7f7-5cae3b566e02)
02:18:14 Result is kept for 500 seconds
02:18:14 default: frappe.utils.background_jobs.execute_job(event=None, is_async=True, job_name='frappe.core.doctype.scheduled_job_type.scheduled_job_type.run_scheduled_jo..., kwargs={'job_type': 'frappe.email.doctype.email_account.email_account.notify_unrep..., method='frappe.core.doctype.scheduled_job_type.scheduled_job_type.run_scheduled_jo..., site='visit.test', user='Administrator') (da164b29-9ef4-4128-8b40-1ff5b1c20487)
02:18:14 default: Job OK (da164b29-9ef4-4128-8b40-1ff5b1c20487)
02:18:14 Result is kept for 500 seconds
02:18:14 default: frappe.utils.background_jobs.execute_job(event=None, is_async=True, job_name='frappe.core.doctype.scheduled_job_type.scheduled_job_type.run_scheduled_jo..., kwargs={'job_type': 'frappe.email.doctype.email_account.email_account.pull'}, method='frappe.core.doctype.scheduled_job_type.scheduled_job_type.run_scheduled_jo..., site='visit.test', user='Administrator') (af461c75-ce50-4eda-80dd-9f5c21410436)
02:18:14 default: Job OK (af461c75-ce50-4eda-80dd-9f5c21410436)
02:18:14 Result is kept for 500 seconds
02:18:14 default: frappe.utils.background_jobs.execute_job(event=None, is_async=True, job_name='frappe.core.doctype.scheduled_job_type.scheduled_job_type.run_scheduled_jo..., kwargs={'job_type': 'frappe.email.queue.flush'}, method='frappe.core.doctype.scheduled_job_type.scheduled_job_type.run_scheduled_jo..., site='visit.test', user='Administrator') (27220daf-e031-4801-8df7-b8ccdee5e4f1)
02:18:14 default: Job OK (27220daf-e031-4801-8df7-b8ccdee5e4f1)
02:18:14 Result is kept for 500 seconds
02:22:14 default: frappe.utils.background_jobs.execute_job(event=None, is_async=True, job_name='frappe.core.doctype.scheduled_job_type.scheduled_job_type.run_scheduled_jo..., kwargs={'job_type': 'frappe.monitor.flush'}, method='frappe.core.doctype.scheduled_job_type.scheduled_job_type.run_scheduled_jo..., site='visit.test', user='Administrator') (3bd7a6a3-7127-4e6a-a1df-f5336442d81a)
02:22:14 default: Job OK (3bd7a6a3-7127-4e6a-a1df-f5336442d81a)
02:22:14 Result is kept for 500 seconds
02:22:14 default: frappe.utils.background_jobs.execute_job(event=None, is_async=True, job_name='frappe.core.doctype.scheduled_job_type.scheduled_job_type.run_scheduled_jo..., kwargs={'job_type': 'frappe.utils.global_search.sync_global_search'}, method='frappe.core.doctype.scheduled_job_type.scheduled_job_type.run_scheduled_jo..., site='visit.test', user='Administrator') (b39a530d-fa0d-48ce-9536-70350eb3438d)
02:22:14 default: Job OK (b39a530d-fa0d-48ce-9536-70350eb3438d)
02:22:14 Result is kept for 500 seconds
02:22:14 default: frappe.utils.background_jobs.execute_job(event=None, is_async=True, job_name='frappe.core.doctype.scheduled_job_type.scheduled_job_type.run_scheduled_jo..., kwargs={'job_type': 'frappe.integrations.doctype.razorpay_settings.razorpay_settin..., method='frappe.core.doctype.scheduled_job_type.scheduled_job_type.run_scheduled_jo..., site='visit.test', user='Administrator') (12a61d0e-f17f-42df-a6da-02cfa985f454)
02:22:14 default: Job OK (12a61d0e-f17f-42df-a6da-02cfa985f454)
02:22:14 Result is kept for 500 seconds
02:22:14 default: frappe.utils.background_jobs.execute_job(event=None, is_async=True, job_name='frappe.core.doctype.scheduled_job_type.scheduled_job_type.run_scheduled_jo..., kwargs={'job_type': 'frappe.email.doctype.email_account.email_account.notify_unrep..., method='frappe.core.doctype.scheduled_job_type.scheduled_job_type.run_scheduled_jo..., site='visit.test', user='Administrator') (5b933fcd-8d81-4fda-b574-0614cf10bd42)
02:22:15 default: Job OK (5b933fcd-8d81-4fda-b574-0614cf10bd42)
02:22:15 Result is kept for 500 seconds
02:22:15 default: frappe.utils.background_jobs.execute_job(event=None, is_async=True, job_name='frappe.core.doctype.scheduled_job_type.scheduled_job_type.run_scheduled_jo..., kwargs={'job_type': 'frappe.email.doctype.email_account.email_account.pull'}, method='frappe.core.doctype.scheduled_job_type.scheduled_job_type.run_scheduled_jo..., site='visit.test', user='Administrator') (ff74ac88-9be5-4cc5-8bb3-a7b4611627f4)
02:22:15 default: Job OK (ff74ac88-9be5-4cc5-8bb3-a7b4611627f4)
02:22:15 Result is kept for 500 seconds
02:22:15 default: frappe.utils.background_jobs.execute_job(event=None, is_async=True, job_name='frappe.core.doctype.scheduled_job_type.scheduled_job_type.run_scheduled_jo..., kwargs={'job_type': 'frappe.email.queue.flush'}, method='frappe.core.doctype.scheduled_job_type.scheduled_job_type.run_scheduled_jo..., site='visit.test', user='Administrator') (a5549eff-aef5-429b-904f-1df8decbadbb)
02:22:15 default: Job OK (a5549eff-aef5-429b-904f-1df8decbadbb)
02:22:15 Result is kept for 500 seconds
02:28:32 Worker rq:worker:6ae83c1758e3400abdef303c97c8b308.maryam-VirtualBox.2016.short: started, version 1.7.0
02:28:32 Subscribing to channel rq:pubsub:6ae83c1758e3400abdef303c97c8b308.maryam-VirtualBox.2016.short
02:28:32 *** Listening on short...
02:28:32 Cleaning registries for queue: short
02:28:32 Worker rq:worker:9923c0f7d88c4122b4ba7156bf96b6b1.maryam-VirtualBox.2022.long: started, version 1.7.0
02:28:32 Subscribing to channel rq:pubsub:9923c0f7d88c4122b4ba7156bf96b6b1.maryam-VirtualBox.2022.long
02:28:32 *** Listening on long...
02:28:32 Cleaning registries for queue: long
02:28:33 Worker rq:worker:e9ae1223bad94f2e9a9c0c2edbcd67a2.maryam-VirtualBox.2025.default: started, version 1.7.0
02:28:33 Subscribing to channel rq:pubsub:e9ae1223bad94f2e9a9c0c2edbcd67a2.maryam-VirtualBox.2025.default
02:28:33 *** Listening on default...
02:28:33 Cleaning registries for queue: default
02:55:33 Cleaning registries for queue: long
02:55:33 Cleaning registries for queue: default
02:55:33 Cleaning registries for queue: short
03:22:33 Cleaning registries for queue: long
03:22:33 Cleaning registries for queue: short
03:22:33 Cleaning registries for queue: default
03:32:59 default: frappe.utils.background_jobs.execute_job(event=None, is_async=True, job_name='frappe.model.delete_doc.delete_dynamic_links', kwargs={'doctype': 'Email Domain', 'name': 'gmail.com'}, method='frappe.model.delete_doc.delete_dynamic_links', site='visit.test', user='Administrator') (967a20c8-0c7e-49a7-bd37-913259dce274)
03:32:59 default: Job OK (967a20c8-0c7e-49a7-bd37-913259dce274)
03:32:59 Result is kept for 500 seconds
03:46:29 Cleaning registries for queue: default
03:49:33 Cleaning registries for queue: long
03:49:33 Cleaning registries for queue: short
03:53:36 Warm shut down requested
03:53:36 Unsubscribing from channel rq:pubsub:6ae83c1758e3400abdef303c97c8b308.maryam-VirtualBox.2016.short
03:53:36 Warm shut down requested
03:53:36 Unsubscribing from channel rq:pubsub:9923c0f7d88c4122b4ba7156bf96b6b1.maryam-VirtualBox.2022.long
03:53:36 Warm shut down requested
03:53:36 Unsubscribing from channel rq:pubsub:e9ae1223bad94f2e9a9c0c2edbcd67a2.maryam-VirtualBox.2025.default
03:53:43 Worker rq:worker:da181731d5634dcc85de231b9adde8b1.maryam-VirtualBox.7285.default: started, version 1.7.0
03:53:43 Subscribing to channel rq:pubsub:da181731d5634dcc85de231b9adde8b1.maryam-VirtualBox.7285.default
03:53:43 *** Listening on default...
03:53:43 Worker rq:worker:801574795f06405c834bc6eeee0ae65e.maryam-VirtualBox.7280.short: started, version 1.7.0
03:53:43 Subscribing to channel rq:pubsub:801574795f06405c834bc6eeee0ae65e.maryam-VirtualBox.7280.short
03:53:43 Cleaning registries for queue: default
03:53:43 *** Listening on short...
03:53:43 Cleaning registries for queue: short
03:53:43 Worker rq:worker:ef6fbff2f78f422a9d851e0ee8ed6d7d.maryam-VirtualBox.7282.long: started, version 1.7.0
03:53:43 Subscribing to channel rq:pubsub:ef6fbff2f78f422a9d851e0ee8ed6d7d.maryam-VirtualBox.7282.long
03:53:43 *** Listening on long...
03:53:43 Cleaning registries for queue: long
03:57:36 default: frappe.utils.background_jobs.execute_job(event='sendmail', is_async=True, job_name='<function sendmail at 0x7f4048713ca0>', kwargs={'communication_name': '14d1010425', 'print_html': '', 'print_format': 'Sta..., method=<function sendmail at 0x7f4048713ca0>, site='visit.test', user='Administrator') (95549b29-acc2-47af-ac18-7e100001bf21)
03:57:37 default: Job OK (95549b29-acc2-47af-ac18-7e100001bf21)
03:57:37 Result is kept for 500 seconds
03:58:47 default: frappe.utils.background_jobs.execute_job(event='sendmail', is_async=True, job_name='<function sendmail at 0x7f4048713ca0>', kwargs={'communication_name': 'bdd6729751', 'print_html': '', 'print_format': 'Sta..., method=<function sendmail at 0x7f4048713ca0>, site='visit.test', user='Administrator') (e259e114-5132-4855-82b1-2d4ad7c69341)
03:58:48 default: Job OK (e259e114-5132-4855-82b1-2d4ad7c69341)
03:58:48 Result is kept for 500 seconds
03:59:51 default: frappe.utils.background_jobs.execute_job(event='sendmail', is_async=True, job_name='<function sendmail at 0x7f4048713ca0>', kwargs={'communication_name': '1663198e19', 'print_html': '', 'print_format': 'Sta..., method=<function sendmail at 0x7f4048713ca0>, site='visit.test', user='Administrator') (a972755a-a032-4e78-b4e5-9559c21b8d83)
03:59:52 default: Job OK (a972755a-a032-4e78-b4e5-9559c21b8d83)
03:59:52 Result is kept for 500 seconds
